

================================================================
== Vitis HLS Report for 'generic_tanh_float_s'
================================================================
* Date:           Tue Nov 25 01:19:44 2025

* Version:        2025.1 (Build 6135595 on May 21 2025)
* Project:        final_nn_fpga_tanh
* Solution:       hls (Vivado IP Flow Target)
* Product family: artix7
* Target device:  xc7a35t-cpg236-1


================================================================
== Performance Estimates
================================================================
+ Timing: 
    * Summary: 
    +--------+----------+----------+------------+
    |  Clock |  Target  | Estimated| Uncertainty|
    +--------+----------+----------+------------+
    |ap_clk  |  10.00 ns|  7.279 ns|     2.70 ns|
    +--------+----------+----------+------------+

+ Latency: 
    * Summary: 
    +---------+---------+-----------+----------+-----+-----+---------+
    |  Latency (cycles) |  Latency (absolute)  |  Interval | Pipeline|
    |   min   |   max   |    min    |    max   | min | max |   Type  |
    +---------+---------+-----------+----------+-----+-----+---------+
    |        3|       82|  30.000 ns|  0.820 us|    3|   82|       no|
    +---------+---------+-----------+----------+-----+-----+---------+

    + Detail: 
        * Instance: 
        +--------------------------------+----------------------+---------+---------+----------+----------+-----+-----+---------+
        |                                |                      |  Latency (cycles) |  Latency (absolute) |  Interval | Pipeline|
        |            Instance            |        Module        |   min   |   max   |    min   |    max   | min | max |   Type  |
        +--------------------------------+----------------------+---------+---------+----------+----------+-----+-----+---------+
        |grp_exp_generic_double_s_fu_89  |exp_generic_double_s  |       28|       28|  0.280 us|  0.280 us|    1|    1|      yes|
        +--------------------------------+----------------------+---------+---------+----------+----------+-----+-----+---------+

        * Loop: 
        N/A



================================================================
== Utilization Estimates
================================================================
* Summary: 
+-----------------+---------+----+-------+-------+-----+
|       Name      | BRAM_18K| DSP|   FF  |  LUT  | URAM|
+-----------------+---------+----+-------+-------+-----+
|DSP              |        -|   -|      -|      -|    -|
|Expression       |        -|   -|      0|    270|    -|
|FIFO             |        -|   -|      -|      -|    -|
|Instance         |        5|  37|   4819|   4420|    -|
|Memory           |        -|   -|      -|      -|    -|
|Multiplexer      |        -|   -|      0|   1146|    -|
|Register         |        -|   -|    687|      -|    -|
+-----------------+---------+----+-------+-------+-----+
|Total            |        5|  37|   5506|   5836|    0|
+-----------------+---------+----+-------+-------+-----+
|Available        |      100|  90|  41600|  20800|    0|
+-----------------+---------+----+-------+-------+-----+
|Utilization (%)  |        5|  41|     13|     28|    0|
+-----------------+---------+----+-------+-------+-----+

+ Detail: 
    * Instance: 
    +----------------------------------------+------------------------------------+---------+----+------+------+-----+
    |                Instance                |               Module               | BRAM_18K| DSP|  FF  |  LUT | URAM|
    +----------------------------------------+------------------------------------+---------+----+------+------+-----+
    |dadd_64ns_64ns_64_8_full_dsp_1_U32      |dadd_64ns_64ns_64_8_full_dsp_1      |        0|   3|   685|   708|    0|
    |grp_exp_generic_double_s_fu_89          |exp_generic_double_s                |        5|  29|  3685|  3341|    0|
    |faddfsub_32ns_32ns_32_7_full_dsp_1_U26  |faddfsub_32ns_32ns_32_7_full_dsp_1  |        0|   2|   306|   231|    0|
    |fcmp_32ns_32ns_1_2_no_dsp_1_U31         |fcmp_32ns_32ns_1_2_no_dsp_1         |        0|   0|     0|     0|    0|
    |fdiv_32ns_32ns_32_16_no_dsp_1_U28       |fdiv_32ns_32ns_32_16_no_dsp_1       |        0|   0|     0|     0|    0|
    |fmul_32ns_32ns_32_4_max_dsp_1_U27       |fmul_32ns_32ns_32_4_max_dsp_1       |        0|   3|   143|   140|    0|
    |fpext_32ns_64_2_no_dsp_1_U30            |fpext_32ns_64_2_no_dsp_1            |        0|   0|     0|     0|    0|
    |fptrunc_64ns_32_2_no_dsp_1_U29          |fptrunc_64ns_32_2_no_dsp_1          |        0|   0|     0|     0|    0|
    +----------------------------------------+------------------------------------+---------+----+------+------+-----+
    |Total                                   |                                    |        5|  37|  4819|  4420|    0|
    +----------------------------------------+------------------------------------+---------+----+------+------+-----+

    * DSP: 
    N/A

    * Memory: 
    N/A

    * FIFO: 
    N/A

    * Expression: 
    +-----------------------+----------+----+---+----+------------+------------+
    |     Variable Name     | Operation| DSP| FF| LUT| Bitwidth P0| Bitwidth P1|
    +-----------------------+----------+----+---+----+------------+------------+
    |and_ln46_fu_208_p2     |       and|   0|  0|   2|           1|           1|
    |and_ln51_fu_240_p2     |       and|   0|  0|   2|           1|           1|
    |icmp_ln10_fu_287_p2    |      icmp|   0|  0|  15|           8|           7|
    |icmp_ln36_fu_184_p2    |      icmp|   0|  0|  15|           8|           2|
    |icmp_ln38_fu_230_p2    |      icmp|   0|  0|  30|          23|           1|
    |icmp_ln45_fu_190_p2    |      icmp|   0|  0|  15|           8|           7|
    |icmp_ln46_1_fu_202_p2  |      icmp|   0|  0|  30|          23|           1|
    |icmp_ln46_fu_196_p2    |      icmp|   0|  0|  15|           8|           7|
    |icmp_ln51_fu_224_p2    |      icmp|   0|  0|  15|           8|           2|
    |icmp_ln54_fu_246_p2    |      icmp|   0|  0|  15|           8|           7|
    |icmp_ln9_fu_281_p2     |      icmp|   0|  0|  15|           8|           1|
    |or_ln51_fu_236_p2      |        or|   0|  0|   2|           1|           1|
    |select_ln38_fu_369_p3  |    select|   0|  0|  31|           1|          31|
    |select_ln79_fu_327_p3  |    select|   0|  0|  32|           1|          32|
    |x_3_fu_263_p3          |    select|   0|  0|  32|           1|          32|
    |xor_ln66_fu_346_p2     |       xor|   0|  0|   2|           1|           2|
    |xor_ln83_fu_305_p2     |       xor|   0|  0|   2|           1|           2|
    +-----------------------+----------+----+---+----+------------+------------+
    |Total                  |          |   0|  0| 270|         110|         137|
    +-----------------------+----------+----+---+----+------------+------------+

    * Multiplexer: 
    +------------------------------------+------+-----------+-----+-----------+
    |                Name                |  LUT | Input Size| Bits| Total Bits|
    +------------------------------------+------+-----------+-----+-----------+
    |ap_NS_fsm                           |  1022|        193|    1|        193|
    |ap_phi_mux_resultf_3_phi_fu_76_p10  |     9|          2|   32|         64|
    |ap_return                           |     9|          2|   32|         64|
    |expx_reg_58                         |    13|          3|   32|         96|
    |grp_fu_100_opcode                   |    13|          3|    2|          6|
    |grp_fu_100_p0                       |    25|          6|   32|        192|
    |grp_fu_100_p1                       |    21|          5|   32|        160|
    |grp_fu_112_p0                       |    13|          3|   32|         96|
    |resultf_3_reg_72                    |    21|          5|   32|        160|
    +------------------------------------+------+-----------+-----+-----------+
    |Total                               |  1146|        222|  227|       1031|
    +------------------------------------+------+-----------+-----+-----------+

    * Register: 
    +---------------------+-----+----+-----+-----------+
    |         Name        |  FF | LUT| Bits| Const Bits|
    +---------------------+-----+----+-----+-----------+
    |abst_in_reg_391      |   31|   0|   32|          1|
    |and_ln46_reg_412     |    1|   0|    1|          0|
    |and_ln51_reg_426     |    1|   0|    1|          0|
    |ap_CS_fsm            |  192|   0|  192|          0|
    |ap_return_preg       |   32|   0|   32|          0|
    |din_exp_reg_381      |    8|   0|    8|          0|
    |din_sign_reg_376     |    1|   0|    1|          0|
    |expx_reg_58          |   32|   0|   32|          0|
    |icmp_ln36_reg_399    |    1|   0|    1|          0|
    |icmp_ln38_reg_421    |    1|   0|    1|          0|
    |icmp_ln45_reg_403    |    1|   0|    1|          0|
    |icmp_ln46_1_reg_407  |    1|   0|    1|          0|
    |icmp_ln51_reg_416    |    1|   0|    1|          0|
    |icmp_ln54_reg_430    |    1|   0|    1|          0|
    |reg_133              |   32|   0|   32|          0|
    |reg_140              |   32|   0|   32|          0|
    |resultf_3_reg_72     |   32|   0|   32|          0|
    |resultf_reg_478      |   32|   0|   32|          0|
    |sub_i_reg_463        |   64|   0|   64|          0|
    |t_reg_386            |   31|   0|   31|          0|
    |tmp_s_reg_458        |   64|   0|   64|          0|
    |x_3_reg_440          |   32|   0|   32|          0|
    |xd_reg_453           |   64|   0|   64|          0|
    +---------------------+-----+----+-----+-----------+
    |Total                |  687|   0|  688|          1|
    +---------------------+-----+----+-----+-----------+



================================================================
== Interface
================================================================
* Summary: 
+-----------+-----+-----+------------+---------------------+--------------+
| RTL Ports | Dir | Bits|  Protocol  |    Source Object    |    C Type    |
+-----------+-----+-----+------------+---------------------+--------------+
|ap_clk     |   in|    1|  ap_ctrl_hs|  generic_tanh<float>|  return value|
|ap_rst     |   in|    1|  ap_ctrl_hs|  generic_tanh<float>|  return value|
|ap_start   |   in|    1|  ap_ctrl_hs|  generic_tanh<float>|  return value|
|ap_done    |  out|    1|  ap_ctrl_hs|  generic_tanh<float>|  return value|
|ap_idle    |  out|    1|  ap_ctrl_hs|  generic_tanh<float>|  return value|
|ap_ready   |  out|    1|  ap_ctrl_hs|  generic_tanh<float>|  return value|
|ap_return  |  out|   32|  ap_ctrl_hs|  generic_tanh<float>|  return value|
|t_in       |   in|   32|     ap_none|                 t_in|        scalar|
+-----------+-----+-----+------------+---------------------+--------------+

