

================================================================
== Vitis HLS Report for 'my_tanh'
================================================================
* Date:           Tue Nov 25 01:19:44 2025

* Version:        2025.1 (Build 6135595 on May 21 2025)
* Project:        final_nn_fpga_tanh
* Solution:       hls (Vivado IP Flow Target)
* Product family: artix7
* Target device:  xc7a35t-cpg236-1


================================================================
== Performance Estimates
================================================================
+ Timing: 
    * Summary: 
    +--------+----------+----------+------------+
    |  Clock |  Target  | Estimated| Uncertainty|
    +--------+----------+----------+------------+
    |ap_clk  |  10.00 ns|  7.279 ns|     2.70 ns|
    +--------+----------+----------+------------+

+ Latency: 
    * Summary: 
    +---------+---------+-----------+----------+-----+-----+---------+
    |  Latency (cycles) |  Latency (absolute)  |  Interval | Pipeline|
    |   min   |   max   |    min    |    max   | min | max |   Type  |
    +---------+---------+-----------+----------+-----+-----+---------+
    |        5|       95|  50.000 ns|  0.950 us|    5|   95|       no|
    +---------+---------+-----------+----------+-----+-----+---------+

    + Detail: 
        * Instance: 
        +---------------------------------+----------------------+---------+---------+-----------+----------+-----+-----+---------+
        |                                 |                      |  Latency (cycles) |  Latency (absolute)  |  Interval | Pipeline|
        |             Instance            |        Module        |   min   |   max   |    min    |    max   | min | max |   Type  |
        +---------------------------------+----------------------+---------+---------+-----------+----------+-----+-----+---------+
        |grp_generic_tanh_float_s_fu_151  |generic_tanh_float_s  |        3|       82|  30.000 ns|  0.820 us|    3|   82|       no|
        +---------------------------------+----------------------+---------+---------+-----------+----------+-----+-----+---------+

        * Loop: 
        N/A



================================================================
== Utilization Estimates
================================================================
* Summary: 
+-----------------+---------+----+-------+-------+-----+
|       Name      | BRAM_18K| DSP|   FF  |  LUT  | URAM|
+-----------------+---------+----+-------+-------+-----+
|DSP              |        -|   -|      -|      -|    -|
|Expression       |        -|   -|      0|   1036|    -|
|FIFO             |        -|   -|      -|      -|    -|
|Instance         |        5|  37|   5506|   5855|    -|
|Memory           |        -|   -|      -|      -|    -|
|Multiplexer      |        -|   -|      0|    172|    -|
|Register         |        -|   -|    513|      -|    -|
+-----------------+---------+----+-------+-------+-----+
|Total            |        5|  37|   6019|   7063|    0|
+-----------------+---------+----+-------+-------+-----+
|Available        |      100|  90|  41600|  20800|    0|
+-----------------+---------+----+-------+-------+-----+
|Utilization (%)  |        5|  41|     14|     33|    0|
+-----------------+---------+----+-------+-------+-----+

+ Detail: 
    * Instance: 
    +---------------------------------+-----------------------------+---------+----+------+------+-----+
    |             Instance            |            Module           | BRAM_18K| DSP|  FF  |  LUT | URAM|
    +---------------------------------+-----------------------------+---------+----+------+------+-----+
    |ctlz_16_16_1_1_U43               |ctlz_16_16_1_1               |        0|   0|     0|    19|    0|
    |dcmp_64ns_64ns_1_2_no_dsp_1_U42  |dcmp_64ns_64ns_1_2_no_dsp_1  |        0|   0|     0|     0|    0|
    |fpext_32ns_64_2_no_dsp_1_U41     |fpext_32ns_64_2_no_dsp_1     |        0|   0|     0|     0|    0|
    |grp_generic_tanh_float_s_fu_151  |generic_tanh_float_s         |        5|  37|  5506|  5836|    0|
    +---------------------------------+-----------------------------+---------+----+------+------+-----+
    |Total                            |                             |        5|  37|  5506|  5855|    0|
    +---------------------------------+-----------------------------+---------+----+------+------+-----+

    * DSP: 
    N/A

    * Memory: 
    N/A

    * FIFO: 
    N/A

    * Expression: 
    +-------------------------+----------+----+---+-----+------------+------------+
    |      Variable Name      | Operation| DSP| FF| LUT | Bitwidth P0| Bitwidth P1|
    +-------------------------+----------+----+---+-----+------------+------------+
    |add_ln16_fu_283_p2       |         +|   0|  0|   18|          11|          11|
    |add_ln22_1_fu_469_p2     |         +|   0|  0|   18|          11|           5|
    |add_ln22_fu_361_p2       |         +|   0|  0|   15|           8|           8|
    |sub_ln16_1_fu_232_p2     |         -|   0|  0|   13|           4|           5|
    |sub_ln16_2_fu_216_p2     |         -|   0|  0|   14|           6|           5|
    |sub_ln16_3_fu_226_p2     |         -|   0|  0|   14|           5|           6|
    |sub_ln16_fu_187_p2       |         -|   0|  0|   23|           1|          16|
    |sub_ln22_1_fu_435_p2     |         -|   0|  0|   61|           1|          54|
    |sub_ln22_2_fu_453_p2     |         -|   0|  0|   19|          11|          12|
    |sub_ln22_3_fu_475_p2     |         -|   0|  0|   18|           4|          11|
    |sub_ln22_fu_315_p2       |         -|   0|  0|   13|           4|           5|
    |LD_fu_296_p5             |      1003|   0|  0|    2|          64|          12|
    |pi_assign_fu_374_p5      |      1003|   0|  0|    2|          64|           9|
    |ashr_ln22_fu_545_p2      |      ashr|   0|  0|  161|          54|          54|
    |icmp_ln16_fu_173_p2      |      icmp|   0|  0|   23|          16|           1|
    |icmp_ln22_1_fu_463_p2    |      icmp|   0|  0|   19|          12|           4|
    |icmp_ln22_2_fu_489_p2    |      icmp|   0|  0|   19|          12|           4|
    |icmp_ln22_3_fu_530_p2    |      icmp|   0|  0|   18|          11|           6|
    |icmp_ln22_4_fu_507_p2    |      icmp|   0|  0|   14|           7|           1|
    |icmp_ln22_fu_448_p2      |      icmp|   0|  0|   70|          63|           1|
    |select_ln16_1_fu_271_p3  |    select|   0|  0|   10|           1|          10|
    |select_ln16_fu_193_p3    |    select|   0|  0|   16|           1|          16|
    |select_ln22_1_fu_441_p3  |    select|   0|  0|   54|           1|          54|
    |select_ln22_2_fu_481_p3  |    select|   0|  0|   11|           1|          11|
    |select_ln22_3_fu_554_p3  |    select|   0|  0|   16|           1|          16|
    |select_ln22_4_fu_522_p3  |    select|   0|  0|   16|           1|          16|
    |select_ln22_5_fu_535_p3  |    select|   0|  0|    2|           1|           2|
    |select_ln22_fu_350_p3    |    select|   0|  0|    7|           1|           7|
    |shl_ln16_fu_243_p2       |       shl|   0|  0|  182|          64|          64|
    |shl_ln22_1_fu_516_p2     |       shl|   0|  0|   35|          16|          16|
    |shl_ln22_fu_323_p2       |       shl|   0|  0|  133|          40|          40|
    +-------------------------+----------+----+---+-----+------------+------------+
    |Total                    |          |   0|  0| 1036|         497|         482|
    +-------------------------+----------+----+---+-----+------------+------------+

    * Multiplexer: 
    +----------------------------------------+----+-----------+-----+-----------+
    |                  Name                  | LUT| Input Size| Bits| Total Bits|
    +----------------------------------------+----+-----------+-----+-----------+
    |agg_result_0_reg_128                    |  25|          6|   16|         96|
    |ap_NS_fsm                               |  81|         17|    1|         17|
    |ap_phi_mux_agg_result_0_phi_fu_134_p12  |   9|          2|   16|         32|
    |ap_return                               |   9|          2|   16|         32|
    |grp_fu_167_opcode                       |  13|          3|    5|         15|
    |grp_fu_167_p0                           |  13|          3|   64|        192|
    |grp_fu_167_p1                           |  13|          3|   64|        192|
    |x_assign_reg_116                        |   9|          2|   32|         64|
    +----------------------------------------+----+-----------+-----+-----------+
    |Total                                   | 172|         38|  214|        640|
    +----------------------------------------+----+-----------+-----+-----------+

    * Register: 
    +----------------------------------------------+----+----+-----+-----------+
    |                     Name                     | FF | LUT| Bits| Const Bits|
    +----------------------------------------------+----+----+-----+-----------+
    |LD_1_reg_630                                  |  32|   0|   32|          0|
    |LD_reg_602                                    |  64|   0|   64|          0|
    |agg_result_0_reg_128                          |  16|   0|   16|          0|
    |ap_CS_fsm                                     |  16|   0|   16|          0|
    |ap_return_preg                                |  16|   0|   16|          0|
    |bitcast_ln767_reg_607                         |  64|   0|   64|          0|
    |grp_generic_tanh_float_s_fu_151_ap_start_reg  |   1|   0|    1|          0|
    |icmp_ln16_reg_565                             |   1|   0|    1|          0|
    |icmp_ln22_1_reg_677                           |   1|   0|    1|          0|
    |icmp_ln22_2_reg_689                           |   1|   0|    1|          0|
    |icmp_ln22_reg_673                             |   1|   0|    1|          0|
    |select_ln16_reg_575                           |  16|   0|   16|          0|
    |select_ln22_1_reg_666                         |  54|   0|   54|          0|
    |select_ln22_2_reg_681                         |  11|   0|   11|          0|
    |select_ln22_3_reg_698                         |  16|   0|   16|          0|
    |sub_ln16_1_reg_597                            |   5|   0|    5|          0|
    |sub_ln16_2_reg_587                            |   5|   0|    5|          0|
    |sub_ln16_3_reg_592                            |   6|   0|    6|          0|
    |sub_ln22_reg_625                              |   5|   0|    5|          0|
    |tmp_7_reg_656                                 |  11|   0|   11|          0|
    |tmp_8_reg_650                                 |   1|   0|    1|          0|
    |tmp_9_reg_617                                 |   1|   0|    1|          0|
    |tmp_reg_569                                   |   1|   0|    1|          0|
    |tmp_s_reg_621                                 |   1|   0|    1|          0|
    |trunc_ln22_1_reg_661                          |  52|   0|   52|          0|
    |trunc_ln22_reg_645                            |  63|   0|   63|          0|
    |x_assign_reg_116                              |  32|   0|   32|          0|
    |zext_ln16_4_reg_612                           |  16|   0|   40|         24|
    |zext_ln16_reg_582                             |   4|   0|    5|          1|
    +----------------------------------------------+----+----+-----+-----------+
    |Total                                         | 513|   0|  538|         25|
    +----------------------------------------------+----+----+-----+-----------+



================================================================
== Interface
================================================================
* Summary: 
+-----------+-----+-----+------------+--------------+--------------+
| RTL Ports | Dir | Bits|  Protocol  | Source Object|    C Type    |
+-----------+-----+-----+------------+--------------+--------------+
|ap_clk     |   in|    1|  ap_ctrl_hs|       my_tanh|  return value|
|ap_rst     |   in|    1|  ap_ctrl_hs|       my_tanh|  return value|
|ap_start   |   in|    1|  ap_ctrl_hs|       my_tanh|  return value|
|ap_done    |  out|    1|  ap_ctrl_hs|       my_tanh|  return value|
|ap_idle    |  out|    1|  ap_ctrl_hs|       my_tanh|  return value|
|ap_ready   |  out|    1|  ap_ctrl_hs|       my_tanh|  return value|
|ap_return  |  out|   16|  ap_ctrl_hs|       my_tanh|  return value|
|x          |   in|   16|     ap_none|             x|        scalar|
+-----------+-----+-----+------------+--------------+--------------+

