Copyright 1986-2022 Xilinx, Inc. All Rights Reserved. Copyright 2022-2025 Advanced Micro Devices, Inc. All Rights Reserved.
---------------------------------------------------------------------------------------------------------------------------------------------
| Tool Version : Vivado v.2025.1 (lin64) Build 6140274 Wed May 21 22:58:25 MDT 2025
| Date         : Tue Nov 25 01:26:04 2025
| Host         : unnath-popos running 64-bit Pop!_OS 24.04 LTS
| Command      : report_timing_summary -file ./report/nn_fpga_top_timing_synth.rpt
| Design       : bd_0_wrapper
| Device       : 7a35t-cpg236
| Speed File   : -1  PRODUCTION 1.23 2018-06-13
| Design State : Synthesized
---------------------------------------------------------------------------------------------------------------------------------------------

Timing Summary Report

------------------------------------------------------------------------------------------------
| Timer Settings
| --------------
------------------------------------------------------------------------------------------------

  Enable Multi Corner Analysis               :  Yes
  Enable Pessimism Removal                   :  Yes
  Pessimism Removal Resolution               :  Nearest Common Node
  Enable Input Delay Default Clock           :  No
  Enable Preset / Clear Arcs                 :  No
  Disable Flight Delays                      :  No
  Ignore I/O Paths                           :  No
  Timing Early Launch at Borrowing Latches   :  No
  Borrow Time for Max Delay Exceptions       :  Yes
  Merge Timing Exceptions                    :  Yes
  Inter-SLR Compensation                     :  Conservative

  Corner  Analyze    Analyze    
  Name    Max Paths  Min Paths  
  ------  ---------  ---------  
  Slow    Yes        Yes        
  Fast    Yes        Yes        


------------------------------------------------------------------------------------------------
| Report Methodology
| ------------------
------------------------------------------------------------------------------------------------

No report available as report_methodology has not been run prior. Run report_methodology on the current design for the summary of methodology violations.



check_timing report

Table of Contents
-----------------
1. checking no_clock (0)
2. checking constant_clock (0)
3. checking pulse_width_clock (0)
4. checking unconstrained_internal_endpoints (0)
5. checking no_input_delay (5)
6. checking no_output_delay (4)
7. checking multiple_clock (0)
8. checking generated_clocks (0)
9. checking loops (0)
10. checking partial_input_delay (0)
11. checking partial_output_delay (0)
12. checking latch_loops (0)

1. checking no_clock (0)
------------------------
 There are 0 register/latch pins with no clock.


2. checking constant_clock (0)
------------------------------
 There are 0 register/latch pins with constant_clock.


3. checking pulse_width_clock (0)
---------------------------------
 There are 0 register/latch pins which need pulse_width check


4. checking unconstrained_internal_endpoints (0)
------------------------------------------------
 There are 0 pins that are not constrained for maximum delay.

 There are 0 pins that are not constrained for maximum delay due to constant clock.


5. checking no_input_delay (5)
------------------------------
 There are 5 input ports with no input delay specified. (HIGH)

 There are 0 input ports with no input delay but user has a false path constraint.


6. checking no_output_delay (4)
-------------------------------
 There are 4 ports with no output delay specified. (HIGH)

 There are 0 ports with no output delay but user has a false path constraint

 There are 0 ports with no output delay but with a timing clock defined on it or propagating through it


7. checking multiple_clock (0)
------------------------------
 There are 0 register/latch pins with multiple clocks.


8. checking generated_clocks (0)
--------------------------------
 There are 0 generated clocks that are not connected to a clock source.


9. checking loops (0)
---------------------
 There are 0 combinational loops in the design.


10. checking partial_input_delay (0)
------------------------------------
 There are 0 input ports with partial input delay specified.


11. checking partial_output_delay (0)
-------------------------------------
 There are 0 ports with partial output delay specified.


12. checking latch_loops (0)
----------------------------
 There are 0 combinational latch loops in the design through latch input



------------------------------------------------------------------------------------------------
| Design Timing Summary
| ---------------------
------------------------------------------------------------------------------------------------

    WNS(ns)      TNS(ns)  TNS Failing Endpoints  TNS Total Endpoints      WHS(ns)      THS(ns)  THS Failing Endpoints  THS Total Endpoints     WPWS(ns)     TPWS(ns)  TPWS Failing Endpoints  TPWS Total Endpoints  
    -------      -------  ---------------------  -------------------      -------      -------  ---------------------  -------------------     --------     --------  ----------------------  --------------------  
      3.428        0.000                      0                 9060        0.196        0.000                      0                 9060        3.750        0.000                       0                  5076  


All user specified timing constraints are met.


------------------------------------------------------------------------------------------------
| Clock Summary
| -------------
------------------------------------------------------------------------------------------------

Clock   Waveform(ns)       Period(ns)      Frequency(MHz)
-----   ------------       ----------      --------------
ap_clk  {0.000 5.000}      10.000          100.000         


------------------------------------------------------------------------------------------------
| Intra Clock Table
| -----------------
------------------------------------------------------------------------------------------------

Clock             WNS(ns)      TNS(ns)  TNS Failing Endpoints  TNS Total Endpoints      WHS(ns)      THS(ns)  THS Failing Endpoints  THS Total Endpoints     WPWS(ns)     TPWS(ns)  TPWS Failing Endpoints  TPWS Total Endpoints  
-----             -------      -------  ---------------------  -------------------      -------      -------  ---------------------  -------------------     --------     --------  ----------------------  --------------------  
ap_clk              3.428        0.000                      0                 9060        0.196        0.000                      0                 9060        3.750        0.000                       0                  5076  


------------------------------------------------------------------------------------------------
| Inter Clock Table
| -----------------
------------------------------------------------------------------------------------------------

From Clock    To Clock          WNS(ns)      TNS(ns)  TNS Failing Endpoints  TNS Total Endpoints      WHS(ns)      THS(ns)  THS Failing Endpoints  THS Total Endpoints  
----------    --------          -------      -------  ---------------------  -------------------      -------      -------  ---------------------  -------------------  


------------------------------------------------------------------------------------------------
| Other Path Groups Table
| -----------------------
------------------------------------------------------------------------------------------------

Path Group    From Clock    To Clock          WNS(ns)      TNS(ns)  TNS Failing Endpoints  TNS Total Endpoints      WHS(ns)      THS(ns)  THS Failing Endpoints  THS Total Endpoints  
----------    ----------    --------          -------      -------  ---------------------  -------------------      -------      -------  ---------------------  -------------------  


------------------------------------------------------------------------------------------------
| Timing Details
| --------------
------------------------------------------------------------------------------------------------


---------------------------------------------------------------------------------------------------
From Clock:  ap_clk
  To Clock:  ap_clk

Setup :            0  Failing Endpoints,  Worst Slack        3.428ns,  Total Violation        0.000ns
Hold  :            0  Failing Endpoints,  Worst Slack        0.196ns,  Total Violation        0.000ns
PW    :            0  Failing Endpoints,  Worst Slack        3.750ns,  Total Violation        0.000ns
---------------------------------------------------------------------------------------------------


Max Delay Paths
--------------------------------------------------------------------------------------
Slack (MET) :             3.428ns  (required time - arrival time)
  Source:                 bd_0_i/hls_inst/inst/grp_my_tanh_fu_184/grp_generic_tanh_float_s_fu_151/grp_exp_generic_double_s_fu_89/exp_Z2P_m_1_reg_1287_pp0_iter20_reg_reg[1]__0/C
                            (rising edge-triggered cell FDRE clocked by ap_clk  {rise@0.000ns fall@5.000ns period=10.000ns})
  Destination:            bd_0_i/hls_inst/inst/grp_my_tanh_fu_184/grp_generic_tanh_float_s_fu_151/grp_exp_generic_double_s_fu_89/mul_50ns_50ns_99_5_1_U13/buff1_reg/B[14]
                            (rising edge-triggered cell DSP48E1 clocked by ap_clk  {rise@0.000ns fall@5.000ns period=10.000ns})
  Path Group:             ap_clk
  Path Type:              Setup (Max at Slow Process Corner)
  Requirement:            10.000ns  (ap_clk rise@10.000ns - ap_clk rise@0.000ns)
  Data Path Delay:        5.859ns  (logic 3.903ns (66.619%)  route 1.956ns (33.381%))
  Logic Levels:           15  (CARRY4=14 LUT2=1)
  Clock Path Skew:        -0.049ns (DCD - SCD + CPR)
    Destination Clock Delay (DCD):    0.924ns = ( 10.924 - 10.000 ) 
    Source Clock Delay      (SCD):    0.973ns
    Clock Pessimism Removal (CPR):    0.000ns
  Clock Uncertainty:      0.035ns  ((TSJ^2 + TIJ^2)^1/2 + DJ) / 2 + PE
    Total System Jitter     (TSJ):    0.071ns
    Total Input Jitter      (TIJ):    0.000ns
    Discrete Jitter          (DJ):    0.000ns
    Phase Error              (PE):    0.000ns

    Location             Delay type                Incr(ns)  Path(ns)    Netlist Resource(s)
  -------------------------------------------------------------------    -------------------
                         (clock ap_clk rise edge)     0.000     0.000 r  
                                                      0.000     0.000 r  ap_clk (IN)
                         net (fo=5082, unset)         0.973     0.973    bd_0_i/hls_inst/inst/grp_my_tanh_fu_184/grp_generic_tanh_float_s_fu_151/grp_exp_generic_double_s_fu_89/ap_clk
                         FDRE                                         r  bd_0_i/hls_inst/inst/grp_my_tanh_fu_184/grp_generic_tanh_float_s_fu_151/grp_exp_generic_double_s_fu_89/exp_Z2P_m_1_reg_1287_pp0_iter20_reg_reg[1]__0/C
  -------------------------------------------------------------------    -------------------
                         FDRE (Prop_fdre_C_Q)         0.478     1.451 r  bd_0_i/hls_inst/inst/grp_my_tanh_fu_184/grp_generic_tanh_float_s_fu_151/grp_exp_generic_double_s_fu_89/exp_Z2P_m_1_reg_1287_pp0_iter20_reg_reg[1]__0/Q
                         net (fo=2, unplaced)         0.481     1.932    bd_0_i/hls_inst/inst/grp_my_tanh_fu_184/grp_generic_tanh_float_s_fu_151/grp_exp_generic_double_s_fu_89/mul_50ns_50ns_99_5_1_U13/I198[1]
                         LUT2 (Prop_lut2_I0_O)        0.295     2.227 r  bd_0_i/hls_inst/inst/grp_my_tanh_fu_184/grp_generic_tanh_float_s_fu_151/grp_exp_generic_double_s_fu_89/mul_50ns_50ns_99_5_1_U13/exp_Z1P_m_1_reg_1324[2]_i_8/O
                         net (fo=1, unplaced)         0.000     2.227    bd_0_i/hls_inst/inst/grp_my_tanh_fu_184/grp_generic_tanh_float_s_fu_151/grp_exp_generic_double_s_fu_89/mul_50ns_50ns_99_5_1_U13/exp_Z1P_m_1_reg_1324[2]_i_8_n_3
                         CARRY4 (Prop_carry4_S[1]_CO[3])
                                                      0.533     2.760 r  bd_0_i/hls_inst/inst/grp_my_tanh_fu_184/grp_generic_tanh_float_s_fu_151/grp_exp_generic_double_s_fu_89/mul_50ns_50ns_99_5_1_U13/exp_Z1P_m_1_reg_1324_reg[2]_i_2/CO[3]
                         net (fo=1, unplaced)         0.009     2.769    bd_0_i/hls_inst/inst/grp_my_tanh_fu_184/grp_generic_tanh_float_s_fu_151/grp_exp_generic_double_s_fu_89/mul_50ns_50ns_99_5_1_U13/exp_Z1P_m_1_reg_1324_reg[2]_i_2_n_3
                         CARRY4 (Prop_carry4_CI_CO[3])
                                                      0.117     2.886 r  bd_0_i/hls_inst/inst/grp_my_tanh_fu_184/grp_generic_tanh_float_s_fu_151/grp_exp_generic_double_s_fu_89/mul_50ns_50ns_99_5_1_U13/exp_Z1P_m_1_reg_1324_reg[6]_i_2/CO[3]
                         net (fo=1, unplaced)         0.000     2.886    bd_0_i/hls_inst/inst/grp_my_tanh_fu_184/grp_generic_tanh_float_s_fu_151/grp_exp_generic_double_s_fu_89/mul_50ns_50ns_99_5_1_U13/exp_Z1P_m_1_reg_1324_reg[6]_i_2_n_3
                         CARRY4 (Prop_carry4_CI_CO[3])
                                                      0.117     3.003 r  bd_0_i/hls_inst/inst/grp_my_tanh_fu_184/grp_generic_tanh_float_s_fu_151/grp_exp_generic_double_s_fu_89/mul_50ns_50ns_99_5_1_U13/exp_Z1P_m_1_reg_1324_reg[10]_i_2/CO[3]
                         net (fo=1, unplaced)         0.000     3.003    bd_0_i/hls_inst/inst/grp_my_tanh_fu_184/grp_generic_tanh_float_s_fu_151/grp_exp_generic_double_s_fu_89/mul_50ns_50ns_99_5_1_U13/exp_Z1P_m_1_reg_1324_reg[10]_i_2_n_3
                         CARRY4 (Prop_carry4_CI_CO[3])
                                                      0.117     3.120 r  bd_0_i/hls_inst/inst/grp_my_tanh_fu_184/grp_generic_tanh_float_s_fu_151/grp_exp_generic_double_s_fu_89/mul_50ns_50ns_99_5_1_U13/exp_Z1P_m_1_reg_1324_reg[14]_i_2/CO[3]
                         net (fo=1, unplaced)         0.000     3.120    bd_0_i/hls_inst/inst/grp_my_tanh_fu_184/grp_generic_tanh_float_s_fu_151/grp_exp_generic_double_s_fu_89/mul_50ns_50ns_99_5_1_U13/exp_Z1P_m_1_reg_1324_reg[14]_i_2_n_3
                         CARRY4 (Prop_carry4_CI_CO[3])
                                                      0.117     3.237 r  bd_0_i/hls_inst/inst/grp_my_tanh_fu_184/grp_generic_tanh_float_s_fu_151/grp_exp_generic_double_s_fu_89/mul_50ns_50ns_99_5_1_U13/exp_Z1P_m_1_reg_1324_reg[18]_i_2/CO[3]
                         net (fo=1, unplaced)         0.000     3.237    bd_0_i/hls_inst/inst/grp_my_tanh_fu_184/grp_generic_tanh_float_s_fu_151/grp_exp_generic_double_s_fu_89/mul_50ns_50ns_99_5_1_U13/exp_Z1P_m_1_reg_1324_reg[18]_i_2_n_3
                         CARRY4 (Prop_carry4_CI_CO[3])
                                                      0.117     3.354 r  bd_0_i/hls_inst/inst/grp_my_tanh_fu_184/grp_generic_tanh_float_s_fu_151/grp_exp_generic_double_s_fu_89/mul_50ns_50ns_99_5_1_U13/exp_Z1P_m_1_reg_1324_reg[22]_i_2/CO[3]
                         net (fo=1, unplaced)         0.000     3.354    bd_0_i/hls_inst/inst/grp_my_tanh_fu_184/grp_generic_tanh_float_s_fu_151/grp_exp_generic_double_s_fu_89/mul_50ns_50ns_99_5_1_U13/exp_Z1P_m_1_reg_1324_reg[22]_i_2_n_3
                         CARRY4 (Prop_carry4_CI_CO[3])
                                                      0.117     3.471 r  bd_0_i/hls_inst/inst/grp_my_tanh_fu_184/grp_generic_tanh_float_s_fu_151/grp_exp_generic_double_s_fu_89/mul_50ns_50ns_99_5_1_U13/exp_Z1P_m_1_reg_1324_reg[26]_i_2/CO[3]
                         net (fo=1, unplaced)         0.000     3.471    bd_0_i/hls_inst/inst/grp_my_tanh_fu_184/grp_generic_tanh_float_s_fu_151/grp_exp_generic_double_s_fu_89/mul_50ns_50ns_99_5_1_U13/exp_Z1P_m_1_reg_1324_reg[26]_i_2_n_3
                         CARRY4 (Prop_carry4_CI_CO[3])
                                                      0.117     3.588 r  bd_0_i/hls_inst/inst/grp_my_tanh_fu_184/grp_generic_tanh_float_s_fu_151/grp_exp_generic_double_s_fu_89/mul_50ns_50ns_99_5_1_U13/exp_Z1P_m_1_reg_1324_reg[30]_i_2/CO[3]
                         net (fo=1, unplaced)         0.000     3.588    bd_0_i/hls_inst/inst/grp_my_tanh_fu_184/grp_generic_tanh_float_s_fu_151/grp_exp_generic_double_s_fu_89/mul_50ns_50ns_99_5_1_U13/exp_Z1P_m_1_reg_1324_reg[30]_i_2_n_3
                         CARRY4 (Prop_carry4_CI_CO[3])
                                                      0.117     3.705 r  bd_0_i/hls_inst/inst/grp_my_tanh_fu_184/grp_generic_tanh_float_s_fu_151/grp_exp_generic_double_s_fu_89/mul_50ns_50ns_99_5_1_U13/exp_Z1P_m_1_reg_1324_reg[34]_i_2/CO[3]
                         net (fo=1, unplaced)         0.000     3.705    bd_0_i/hls_inst/inst/grp_my_tanh_fu_184/grp_generic_tanh_float_s_fu_151/grp_exp_generic_double_s_fu_89/mul_50ns_50ns_99_5_1_U13/exp_Z1P_m_1_reg_1324_reg[34]_i_2_n_3
                         CARRY4 (Prop_carry4_CI_CO[3])
                                                      0.117     3.822 r  bd_0_i/hls_inst/inst/grp_my_tanh_fu_184/grp_generic_tanh_float_s_fu_151/grp_exp_generic_double_s_fu_89/mul_50ns_50ns_99_5_1_U13/exp_Z1P_m_1_reg_1324_reg[38]_i_2/CO[3]
                         net (fo=1, unplaced)         0.000     3.822    bd_0_i/hls_inst/inst/grp_my_tanh_fu_184/grp_generic_tanh_float_s_fu_151/grp_exp_generic_double_s_fu_89/mul_50ns_50ns_99_5_1_U13/exp_Z1P_m_1_reg_1324_reg[38]_i_2_n_3
                         CARRY4 (Prop_carry4_CI_O[2])
                                                      0.256     4.078 r  bd_0_i/hls_inst/inst/grp_my_tanh_fu_184/grp_generic_tanh_float_s_fu_151/grp_exp_generic_double_s_fu_89/mul_50ns_50ns_99_5_1_U13/exp_Z1P_m_1_reg_1324_reg[42]_i_2/O[2]
                         net (fo=1, unplaced)         0.666     4.744    bd_0_i/hls_inst/inst/grp_my_tanh_fu_184/grp_generic_tanh_float_s_fu_151/grp_exp_generic_double_s_fu_89/mul_50ns_50ns_99_5_1_U13/zext_ln145_1_fu_790_p1[42]
                         CARRY4 (Prop_carry4_S[1]_CO[3])
                                                      0.834     5.578 r  bd_0_i/hls_inst/inst/grp_my_tanh_fu_184/grp_generic_tanh_float_s_fu_151/grp_exp_generic_double_s_fu_89/mul_50ns_50ns_99_5_1_U13/exp_Z1P_m_1_reg_1324_reg[42]_i_1/CO[3]
                         net (fo=1, unplaced)         0.000     5.578    bd_0_i/hls_inst/inst/grp_my_tanh_fu_184/grp_generic_tanh_float_s_fu_151/grp_exp_generic_double_s_fu_89/mul_50ns_50ns_99_5_1_U13/exp_Z1P_m_1_reg_1324_reg[42]_i_1_n_3
                         CARRY4 (Prop_carry4_CI_CO[3])
                                                      0.117     5.695 r  bd_0_i/hls_inst/inst/grp_my_tanh_fu_184/grp_generic_tanh_float_s_fu_151/grp_exp_generic_double_s_fu_89/mul_50ns_50ns_99_5_1_U13/exp_Z1P_m_1_reg_1324_reg[46]_i_1/CO[3]
                         net (fo=1, unplaced)         0.000     5.695    bd_0_i/hls_inst/inst/grp_my_tanh_fu_184/grp_generic_tanh_float_s_fu_151/grp_exp_generic_double_s_fu_89/mul_50ns_50ns_99_5_1_U13/exp_Z1P_m_1_reg_1324_reg[46]_i_1_n_3
                         CARRY4 (Prop_carry4_CI_O[1])
                                                      0.337     6.032 r  bd_0_i/hls_inst/inst/grp_my_tanh_fu_184/grp_generic_tanh_float_s_fu_151/grp_exp_generic_double_s_fu_89/mul_50ns_50ns_99_5_1_U13/exp_Z1P_m_1_reg_1324_reg[49]_i_1/O[1]
                         net (fo=2, unplaced)         0.800     6.832    bd_0_i/hls_inst/inst/grp_my_tanh_fu_184/grp_generic_tanh_float_s_fu_151/grp_exp_generic_double_s_fu_89/mul_50ns_50ns_99_5_1_U13/D[48]
                         DSP48E1                                      r  bd_0_i/hls_inst/inst/grp_my_tanh_fu_184/grp_generic_tanh_float_s_fu_151/grp_exp_generic_double_s_fu_89/mul_50ns_50ns_99_5_1_U13/buff1_reg/B[14]
  -------------------------------------------------------------------    -------------------

                         (clock ap_clk rise edge)    10.000    10.000 r  
                                                      0.000    10.000 r  ap_clk (IN)
                         net (fo=5082, unset)         0.924    10.924    bd_0_i/hls_inst/inst/grp_my_tanh_fu_184/grp_generic_tanh_float_s_fu_151/grp_exp_generic_double_s_fu_89/mul_50ns_50ns_99_5_1_U13/ap_clk
                         DSP48E1                                      r  bd_0_i/hls_inst/inst/grp_my_tanh_fu_184/grp_generic_tanh_float_s_fu_151/grp_exp_generic_double_s_fu_89/mul_50ns_50ns_99_5_1_U13/buff1_reg/CLK
                         clock pessimism              0.000    10.924    
                         clock uncertainty           -0.035    10.889    
                         DSP48E1 (Setup_dsp48e1_CLK_B[14])
                                                     -0.629    10.260    bd_0_i/hls_inst/inst/grp_my_tanh_fu_184/grp_generic_tanh_float_s_fu_151/grp_exp_generic_double_s_fu_89/mul_50ns_50ns_99_5_1_U13/buff1_reg
  -------------------------------------------------------------------
                         required time                         10.260    
                         arrival time                          -6.832    
  -------------------------------------------------------------------
                         slack                                  3.428    





Min Delay Paths
--------------------------------------------------------------------------------------
Slack (MET) :             0.196ns  (arrival time - required time)
  Source:                 <hidden>
                            (rising edge-triggered cell FDRE clocked by ap_clk  {rise@0.000ns fall@5.000ns period=10.000ns})
  Destination:            <hidden>
                            (rising edge-triggered cell SRL16E clocked by ap_clk  {rise@0.000ns fall@5.000ns period=10.000ns})
  Path Group:             ap_clk
  Path Type:              Hold (Min at Fast Process Corner)
  Requirement:            0.000ns  (ap_clk rise@0.000ns - ap_clk rise@0.000ns)
  Data Path Delay:        0.282ns  (logic 0.141ns (50.038%)  route 0.141ns (49.962%))
  Logic Levels:           0  
  Clock Path Skew:        0.022ns (DCD - SCD - CPR)
    Destination Clock Delay (DCD):    0.432ns
    Source Clock Delay      (SCD):    0.410ns
    Clock Pessimism Removal (CPR):    -0.000ns

    Location             Delay type                Incr(ns)  Path(ns)    Netlist Resource(s)
  -------------------------------------------------------------------    -------------------
                         (clock ap_clk rise edge)     0.000     0.000 r  
                                                      0.000     0.000 r  ap_clk (IN)
                         net (fo=5082, unset)         0.410     0.410    <hidden>
                         FDRE                                         r  <hidden>
  -------------------------------------------------------------------    -------------------
                         FDRE (Prop_fdre_C_Q)         0.141     0.551 r  <hidden>
                         net (fo=1, unplaced)         0.141     0.692    <hidden>
                         SRL16E                                       r  <hidden>
  -------------------------------------------------------------------    -------------------

                         (clock ap_clk rise edge)     0.000     0.000 r  
                                                      0.000     0.000 r  ap_clk (IN)
                         net (fo=5082, unset)         0.432     0.432    <hidden>
                         SRL16E                                       r  <hidden>
                         clock pessimism              0.000     0.432    
                         SRL16E (Hold_srl16e_CLK_D)
                                                      0.064     0.496    <hidden>
  -------------------------------------------------------------------
                         required time                         -0.496    
                         arrival time                           0.692    
  -------------------------------------------------------------------
                         slack                                  0.196    





Pulse Width Checks
--------------------------------------------------------------------------------------
Clock Name:         ap_clk
Waveform(ns):       { 0.000 5.000 }
Period(ns):         10.000
Sources:            { ap_clk }

Check Type        Corner  Lib Pin      Reference Pin  Required(ns)  Actual(ns)  Slack(ns)  Location  Pin
Min Period        n/a     DSP48E1/CLK  n/a            3.884         10.000      6.116                bd_0_i/hls_inst/inst/grp_my_tanh_fu_184/grp_generic_tanh_float_s_fu_151/grp_exp_generic_double_s_fu_89/mul_13s_71s_71_5_1_U10/buff0_reg/CLK
Low Pulse Width   Slow    RAMS32/CLK   n/a            1.250         5.000       3.750                bd_0_i/hls_inst/inst/output_U/ram_reg_0_15_0_0/SP/CLK
High Pulse Width  Slow    RAMS32/CLK   n/a            1.250         5.000       3.750                bd_0_i/hls_inst/inst/output_U/ram_reg_0_15_0_0/SP/CLK



