# 
# Steps log generated by v++
# This log file contains a collection of steps that describe the kernel compilation flow
# Note: Some steps are tagged as internal, these steps are for debugging purposes and 
#       are not expected to be able to run independently.
# 

# The following environment variables are set when running vitis-run
Environment variables :
------------------------------------------
SHELL=/bin/bash
QT_ACCESSIBILITY=1
GTK_IM_MODULE=ibus
RDI_APPROOT=/home/unnath/software/Xilinx/2025.1/Vitis
RDI_JAVA_PLATFORM=
TK_LIBRARY=/home/unnath/software/Xilinx/2025.1/Vitis/tps/tk/tk8.5
LANGUAGE=en_US:en
FREETYPE_PROPERTIES=truetype:interpreter-version=35
XIL_SUPPRESS_OVERRIDE_WARNINGS=1
RDI_BINROOT=/home/unnath/software/Xilinx/2025.1/Vitis/bin
XILINX_VIVADO=/home/unnath/software/Xilinx/2025.1/Vivado
JAVA_HOME=/home/unnath/software/Xilinx/2025.1/Vitis/tps/lnx64/jre11.0.16_1/
SSH_AUTH_SOCK=/run/user/1000/keyring/ssh
RDI_INSTALLVERSION=2025.1
RDI_OPT_EXT=.o
RDI_INSTALLVER=Vitis
RDI_INSTALLROOT=/home/unnath/software/Xilinx
DRI_PRIME=pci-0000_00_02_0
THEIA_DEFAULT_PLUGINS=local-dir:/home/unnath/software/Xilinx/2025.1/Vitis/ide/electron-app/lnx64/resources/app/plugins
RDI_PATCHROOT=
XMODIFIERS=@im=ibus
GTK_MODULES=gail:atk-bridge
XDG_SEAT=seat0
XIL_NO_OVERRIDE=0
RDI_LIBDIR=/home/unnath/software/Xilinx/2025.1/Vitis/lib/lnx64.o/Default:/home/unnath/software/Xilinx/2025.1/Vitis/lib/lnx64.o
PWD=/home/unnath/Projects/vivado_and_vitis/final_nn_fpga_tanh
LOGNAME=unnath
XDG_SESSION_DESKTOP=COSMIC
THEIA_ELECTRON_VERSION=30.1.2
XDG_SESSION_TYPE=wayland
_RDI_DONT_SET_XILINX_AS_PATH=True
VALIDATE_ARGS=False
DESKTOP_STARTUP_ID=KQM0fVDBltafQCZNwohBxCzZoP1ZuY5v
RDI_PREPEND_PATH=/home/unnath/software/Xilinx/2025.1/Vitis/bin
IM_CONFIG_CHECK_ENV=1
XILINX_DSP=
THEIA_PLUGINS=local-dir:/home/unnath/.theia/plugins
HOME=/home/unnath
IM_CONFIG_PHASE=1
SYNTH_COMMON=/home/unnath/software/Xilinx/2025.1/Vitis/scripts/rt/data
LANG=en_US.UTF-8
_JAVA_AWT_WM_NONREPARENTING=1
XDG_CURRENT_DESKTOP=COSMIC
WAYLAND_DISPLAY=wayland-1
XILINX_HLS=/home/unnath/software/Xilinx/2025.1/Vitis
RDI_BUILD=yes
RDI_PROG=/home/unnath/software/Xilinx/2025.1/Vitis/bin/unwrapped/lnx64.o/vitis-run
DCONF_PROFILE=/usr/share/dconf/profile/cosmic
RDI_SESSION_INFO=/home/unnath:unnath-popos_1763999405_12986
CHROME_DESKTOP=Vitis Unified IDE.desktop
RT_TCL_PATH=/home/unnath/software/Xilinx/2025.1/Vitis/scripts/rt/base_tcl/tcl
CLUTTER_IM_MODULE=ibus
QT_QPA_PLATFORM=wayland;xcb
XILINX_SDK=/home/unnath/software/Xilinx/2025.1/Vitis
RDI_SHARED_DATA=/home/unnath/software/Xilinx/SharedData/Vitis/data
XDG_ACTIVATION_TOKEN=KQM0fVDBltafQCZNwohBxCzZoP1ZuY5v
VSCODE_API_VERSION=1.95.3
PYTHONPATH=/home/unnath/software/Xilinx/2025.1/Vitis/cli/:/home/unnath/software/Xilinx/2025.1/Vitis/cli/python-packages/site-packages:/home/unnath/software/Xilinx/2025.1/Vitis/cli/proto:/home/unnath/software/Xilinx/2025.1/Vitis/tps/lnx64/python-3.13.0/lib/python3.13/lib-dynload/:/home/unnath/software/Xilinx/2025.1/Vitis/tps/lnx64/python-3.13.0/lib/python3.13/:/home/unnath/software/Xilinx/2025.1/Vitis/scripts/python_pkg:/home/unnath/software/Xilinx/2025.1/Vitis/cli/:/home/unnath/software/Xilinx/2025.1/Vitis/cli/python-packages/site-packages:/home/unnath/software/Xilinx/2025.1/Vitis/cli/python-packages/lnx64:/home/unnath/software/Xilinx/2025.1/Vitis/cli/proto:/home/unnath/software/Xilinx/2025.1/Vivado/tps/lnx64/python-3.13.0/lib/python3.13/lib-dynload/:/home/unnath/software/Xilinx/2025.1/Vivado/tps/lnx64/python-3.13.0/lib/python3.13
TERM=linux
PYTHONHOME=/home/unnath/software/Xilinx/2025.1/Vitis/tps/lnx64/python-3.13.0/
VITIS_HLS_INSTALL=true
USER=unnath
THEIA_CONFIG_DIR=/home/unnath/.theia
XILINX_PLANAHEAD=/home/unnath/software/Xilinx/2025.1/Vitis
PATCH_INFO=
RDI_BASEROOT=/home/unnath/software/Xilinx/2025.1
LOPPER_DTC_FLAGS=-b 0 -@
RDI_TPS_ROOT=/home/unnath/software/Xilinx/2025.1/Vivado/tps/lnx64
RDI_JAVA_VERSION=11.0.16_1
IDE_SKIP_SERVER_LICENSE=1
RDI_DATADIR=/home/unnath/software/Xilinx/2025.1/Vitis/data
THEIA_ELECTRON_TOKEN={"value":"c2ea6a9a-2926-49ee-98c1-5e298877fe57"}
DISPLAY=:1
SHLVL=3
MOZ_ENABLE_WAYLAND=1
GSM_SKIP_SSH_AGENT_WORKAROUND=true
RDI_USE_JDK11=1
QT_IM_MODULE=ibus
XDG_VTNR=1
XIL_CHECK_TCL_DEBUG=False
XDG_SESSION_ID=4
SYSTEMPLATFORM=Pop!_OS
LD_LIBRARY_PATH=/home/unnath/software/Xilinx/2025.1/Vitis/tps/lnx64/java-cef-95.0.4638.69/bin/lib/linux64:/home/unnath/software/Xilinx/2025.1/Vitis/tps/lnx64/javafx-sdk-11.0.2/lib:/home/unnath/software/Xilinx/2025.1/Vitis/lib/lnx64.o/Default:/home/unnath/software/Xilinx/2025.1/Vitis/lib/lnx64.o:/home/unnath/software/Xilinx/2025.1/Vitis/tps/lnx64/jre11.0.16_1/lib/:/home/unnath/software/Xilinx/2025.1/Vitis/tps/lnx64/jre11.0.16_1/lib//server:/home/unnath/software/Xilinx/2025.1/Vitis/lib/lnx64.o/Default:/home/unnath/software/Xilinx/2025.1/Vitis/lib/lnx64.o:/home/unnath/software/Xilinx/2025.1/Vitis/tps/lnx64/cmake-3.24.2/libs/Default:/home/unnath/software/Xilinx/2025.1/Vitis/tps/lnx64/cmake-3.24.2/libs:/home/unnath/software/Xilinx/2025.1/Vitis/lib/lnx64.o/Default:/home/unnath/software/Xilinx/2025.1/Vitis/lib/lnx64.o:/home/unnath/software/Xilinx/2025.1/Vitis/tps/lnx64/python-3.13.0/lib:/home/unnath/software/Xilinx/2025.1/Vivado/tps/lnx64/cmake-3.24.2/libs/Default:/home/unnath/software/Xilinx/2025.1/Vivado/tps/lnx64/cmake-3.24.2/libs:/home/unnath/software/Xilinx/2025.1/Vitis/lib/lnx64.o:/home/unnath/software/Xilinx/2025.1/Vitis/lib/lnx64.o/Default:/home/unnath/software/Xilinx/2025.1/Vitis/lib/lnx64.o:/home/unnath/software/Xilinx/2025.1/Vivado/tps/lnx64/python-3.13.0/lib
HDIPRELDPATH=/home/unnath/software/Xilinx/2025.1/Vitis/lib/lnx64.o/Default:/home/unnath/software/Xilinx/2025.1/Vitis/lib/lnx64.o:/home/unnath/software/Xilinx/2025.1/Vitis/tps/lnx64/cmake-3.24.2/libs/Default:/home/unnath/software/Xilinx/2025.1/Vitis/tps/lnx64/cmake-3.24.2/libs:/home/unnath/software/Xilinx/2025.1/Vitis/lib/lnx64.o/Default:/home/unnath/software/Xilinx/2025.1/Vitis/lib/lnx64.o:/home/unnath/software/Xilinx/2025.1/Vitis/tps/lnx64/python-3.13.0/lib:/home/unnath/software/Xilinx/2025.1/Vivado/tps/lnx64/cmake-3.24.2/libs/Default:/home/unnath/software/Xilinx/2025.1/Vivado/tps/lnx64/cmake-3.24.2/libs:/home/unnath/software/Xilinx/2025.1/Vitis/lib/lnx64.o:/home/unnath/software/Xilinx/2025.1/Vitis/lib/lnx64.o/Default:/home/unnath/software/Xilinx/2025.1/Vitis/lib/lnx64.o:/home/unnath/software/Xilinx/2025.1/Vivado/tps/lnx64/python-3.13.0/lib
XDG_RUNTIME_DIR=/run/user/1000
TCMALLOC_LARGE_ALLOC_REPORT_THRESHOLD=4294967296
TCL_LIBRARY=/home/unnath/software/Xilinx/2025.1/Vitis/tps/tcl/tcl8.6
LC_ALL=en_US.UTF-8
QT_AUTO_SCREEN_SCALE_FACTOR=1
XILINX_VITIS_GIT=/home/unnath/software/Xilinx/2025.1/Vivado/tps/lnx64/git-2.46.0/bin
XDG_DATA_DIRS=/home/unnath/.local/share/flatpak/exports/share:/var/lib/flatpak/exports/share:/usr/local/share:/usr/share
GDK_BACKEND=wayland,x11
PATH=/home/unnath/software/Xilinx/2025.1/Vivado/tps/lnx64/binutils-2.26/bin:/home/unnath/software/Xilinx/2025.1/Vitis/bin/../gnu/aarch64/lin/aarch64-linux/bin:/home/unnath/software/Xilinx/2025.1/Vitis/bin/../gnu/ppc64le/4.9.3/lnx64/bin:/home/unnath/software/Xilinx/2025.1/Vitis/bin/../gnu/aarch32/lin/gcc-arm-linux-gnueabi/bin:/home/unnath/software/Xilinx/2025.1/Vivado/tps/lnx64/gcc-8.3.0/bin:/home/unnath/software/Xilinx/2025.1/Vivado/gnu/microblaze/lin/bin:/home/unnath/software/Xilinx/2025.1/Vitis/bin:/home/unnath/software/Xilinx/2025.1/Vitis/tps/lnx64/jre11.0.16_1/bin:/home/unnath/software/Xilinx/2025.1/Vitis/gnu/microblaze/lin/bin:/home/unnath/software/Xilinx/2025.1/Vitis/gnu/arm/lin/bin:/home/unnath/software/Xilinx/2025.1/Vitis/gnu/microblaze/linux_toolchain/nt64_be/bin:/home/unnath/software/Xilinx/2025.1/Vitis/gnu/microblaze/linux_toolchain/nt64_le/bin:/home/unnath/software/Xilinx/2025.1/Vitis/gnu/aarch32/lin/gcc-arm-linux-gnueabi/bin:/home/unnath/software/Xilinx/2025.1/Vitis/gnu/aarch32/lin/gcc-arm-none-eabi/bin:/home/unnath/software/Xilinx/2025.1/Vitis/gnu/aarch64/lin/aarch64-linux/bin:/home/unnath/software/Xilinx/2025.1/Vitis/gnu/aarch64/lin/aarch64-none/bin:/home/unnath/software/Xilinx/2025.1/Vitis/gnu/armr5/lin/gcc-arm-none-eabi/bin:/home/unnath/software/Xilinx/2025.1/Vitis/tps/lnx64/cmake-3.24.2/bin:/home/unnath/software/Xilinx/2025.1/Vitis/lnx64/tools/clang/bin:/home/unnath/software/Xilinx/2025.1/Vitis/tps/lnx64/python-3.13.0//bin:/home/unnath/software/Xilinx/2025.1/Vitis/tps/lnx64/jre11.0.16_1//bin:/bin:/home/unnath/software/Xilinx/2025.1/Vivado/bin:/home/unnath/software/Xilinx/2025.1/Vivado/tps/lnx64/git-2.46.0/bin:/home/unnath/software/Xilinx/2025.1/Vitis/lnx64/tools/vcxx/libexec:/home/unnath/software/Xilinx/2025.1/Vivado/tps/lnx64/cmake-3.24.2/bin:/home/unnath/software/Xilinx/2025.1/Vivado/tps/lnx64/jre11.0.16_1/bin:/home/unnath/software/Xilinx/2025.1/Vivado/tps/lnx64/python-3.13.0/bin:/home/unnath/.local/bin:/usr/local/sbin:/usr/local/bin:/usr/sbin:/usr/bin:/sbin:/usr/games:/usr/local/games:/snap/bin
RT_LIBPATH=/home/unnath/software/Xilinx/2025.1/Vitis/scripts/rt/data
QT_ENABLE_HIGHDPI_SCALING=1
ORIGINAL_XDG_CURRENT_DESKTOP=COSMIC
HDI_APPROOT=/home/unnath/software/Xilinx/2025.1/Vitis
DBUS_SESSION_BUS_ADDRESS=unix:path=/run/user/1000/bus
RDI_PLATFORM=lnx64
THEIA_APP_PROJECT_PATH=/home/unnath/software/Xilinx/2025.1/Vitis/ide/electron-app/lnx64/resources/app
MYVIVADO=
BUILDINFO=SW Build 6137779 on 2025-05-21-18:10:04
ISL_IOSTREAMS_RSA=/home/unnath/software/Xilinx/2025.1/Vitis/tps/isl
LC_NUMERIC=C
XILINX_VITIS=/home/unnath/software/Xilinx/2025.1/Vitis
OLDPWD=/home/unnath/software/Xilinx/2025.1/Vitis/bin
XILINX_VCXX=/home/unnath/software/Xilinx/2025.1/Vitis/lnx64/tools/vcxx
_=/home/unnath/software/Xilinx/2025.1/Vitis/bin/unwrapped/lnx64.o/vitis-run
XILINX_CD_CONNECT_ID=40457
XILINX_CD_SESSION=5d6ac039-a5df-43d1-bb29-0e80ea3d4449


VITIS-RUN command line:
------------------------------------------
/home/unnath/software/Xilinx/2025.1/Vitis/bin/unwrapped/lnx64.o/vitis-run --mode hls --csim --config /home/unnath/Projects/vivado_and_vitis/final_nn_fpga_tanh/hls_config.cfg --work_dir final_nn_fpga_tanh 

FINAL PROGRAM OPTIONS
--config /home/unnath/Projects/vivado_and_vitis/final_nn_fpga_tanh/hls_config.cfg
--csim
--hls.flow_target vivado
--hls.package.output.format ip_catalog
--hls.package.output.syn false
--hls.syn.file types.h
--hls.syn.file weights.h
--hls.syn.file mlp.cpp
--hls.syn.file biases.h
--hls.syn.file images.h
--hls.syn.file mlp.h
--hls.syn.top nn_fpga_top
--hls.tb.file mlp_tb.cpp
--mode hls
--part xc7a35tcpg236-1
--work_dir final_nn_fpga_tanh

PARSED COMMAND LINE OPTIONS
--mode hls 
--csim 
--config /home/unnath/Projects/vivado_and_vitis/final_nn_fpga_tanh/hls_config.cfg 
--work_dir final_nn_fpga_tanh 

PARSED CONFIG FILE (1) OPTIONS
file: /home/unnath/Projects/vivado_and_vitis/final_nn_fpga_tanh/hls_config.cfg
part xc7a35tcpg236-1 
hls.flow_target vivado 
hls.package.output.format ip_catalog 
hls.package.output.syn false 
hls.tb.file mlp_tb.cpp 
hls.syn.top nn_fpga_top 
hls.syn.file types.h 
hls.syn.file weights.h 
hls.syn.file mlp.cpp 
hls.syn.file biases.h 
hls.syn.file images.h 
hls.syn.file mlp.h 


==========================================
new:  steps log generated by v++ for new launch 
timestamp: 25 Nov 2025 01:13:17

------------------------------------------
VITIS-RUN command line :
------------------------------------------
/home/unnath/software/Xilinx/2025.1/Vitis/bin/unwrapped/lnx64.o/vitis-run --mode hls --csim --config /home/unnath/Projects/vivado_and_vitis/final_nn_fpga_tanh/hls_config.cfg --work_dir final_nn_fpga_tanh 
  Options from -O    : 
  Options from *.ini : 
  Options from Hw Platform : 

==========================================
new:  steps log generated by v++ for new launch 
timestamp: 25 Nov 2025 01:15:12

------------------------------------------
V++ command line :
------------------------------------------
/home/unnath/software/Xilinx/2025.1/Vitis/bin/unwrapped/lnx64.o/v++ -c --mode hls --config /home/unnath/Projects/vivado_and_vitis/final_nn_fpga_tanh/hls_config.cfg --work_dir final_nn_fpga_tanh 
  Options from -O    : 
  Options from *.ini : 
  Options from Hw Platform : 

==========================================
new:  steps log generated by v++ for new launch 
timestamp: 25 Nov 2025 01:15:52

------------------------------------------
VITIS-RUN command line :
------------------------------------------
/home/unnath/software/Xilinx/2025.1/Vitis/bin/unwrapped/lnx64.o/vitis-run --mode hls --csim --config /home/unnath/Projects/vivado_and_vitis/final_nn_fpga_tanh/hls_config.cfg --work_dir final_nn_fpga_tanh 
  Options from -O    : 
  Options from *.ini : 
  Options from Hw Platform : 

==========================================
new:  steps log generated by v++ for new launch 
timestamp: 25 Nov 2025 01:18:25

------------------------------------------
V++ command line :
------------------------------------------
/home/unnath/software/Xilinx/2025.1/Vitis/bin/unwrapped/lnx64.o/v++ -c --mode hls --config /home/unnath/Projects/vivado_and_vitis/final_nn_fpga_tanh/hls_config.cfg --work_dir final_nn_fpga_tanh 
  Options from -O    : 
  Options from *.ini : 
  Options from Hw Platform : 

==========================================
new:  steps log generated by v++ for new launch 
timestamp: 25 Nov 2025 01:18:51

------------------------------------------
VITIS-RUN command line :
------------------------------------------
/home/unnath/software/Xilinx/2025.1/Vitis/bin/unwrapped/lnx64.o/vitis-run --mode hls --impl --config /home/unnath/Projects/vivado_and_vitis/final_nn_fpga_tanh/hls_config.cfg --work_dir final_nn_fpga_tanh 
  Options from -O    : 
  Options from *.ini : 
  Options from Hw Platform : 

==========================================
new:  steps log generated by v++ for new launch 
timestamp: 25 Nov 2025 01:22:35
