Tue Nov 25 01:13:16 2025: Running xcd server. This server was built by gradle.
Tue Nov 25 01:13:16 2025: Server was asked to start on port: '40457'
Tue Nov 25 01:13:16 2025: Server is using token UUID: '332f2943-90c3-4245-bdc7-9bbcb0dbb845'
Tue Nov 25 01:13:16 2025: SESSION_MGR: creating session with session uuid: '6d04a3e9-ade5-4ab9-8d63-1f78fcd2ec76' and name 'default'
Tue Nov 25 01:13:16 2025: Attempting to start server on port '40457'
Tue Nov 25 01:13:16 2025: XCD main fifo: created main fifo '/tmp/xcdmain332f2943-90c3-4245-bdc7-9bbcb0dbb845', fd read = 12
Tue Nov 25 01:13:16 2025: Running Dispatch Server
Tue Nov 25 01:13:16 2025: Version 2.2.0
Tue Nov 25 01:13:17 2025: Dispatch Server: Accepted socket connection from client
Tue Nov 25 01:13:17 2025: Starting Socket connection
Tue Nov 25 01:13:17 2025: EXCHANGE_TOKEN received, server token: 332f2943-90c3-4245-bdc7-9bbcb0dbb845, passed token: 332f2943-90c3-4245-bdc7-9bbcb0dbb845
Tue Nov 25 01:13:17 2025: DISPATCH_HANDLER: Adding handler from function makeHandler in library libxv_system_diagram failed with exception: Could not dynamically load libxv_system_diagram.so
Tue Nov 25 01:13:17 2025: SESSION_MGR: creating session with session uuid: '5d6ac039-a5df-43d1-bb29-0e80ea3d4449' and name 'vitis-run_compile_final_nn_fpga_tanh'
Tue Nov 25 01:13:17 2025: KERNEL_SVC: creating session with uuid: '5d6ac039-a5df-43d1-bb29-0e80ea3d4449' and name 'vitis-run_compile_final_nn_fpga_tanh'
Tue Nov 25 01:13:17 2025: GUIDANCE_SMGR: creating guidance session with uuid: '5d6ac039-a5df-43d1-bb29-0e80ea3d4449' and name 'vitis-run_compile_final_nn_fpga_tanh'
Tue Nov 25 01:13:20 2025: Dispatch Server: Accepted socket connection from client
Tue Nov 25 01:13:20 2025: Starting Socket connection
Tue Nov 25 01:13:20 2025: SESSION_MGR: closing session for UUID '5d6ac039-a5df-43d1-bb29-0e80ea3d4449' with name 'vitis-run_compile_final_nn_fpga_tanh'
Tue Nov 25 01:13:20 2025: KERNEL_SVC: closing session for UUID '5d6ac039-a5df-43d1-bb29-0e80ea3d4449' with name 'vitis-run_compile_final_nn_fpga_tanh'
Tue Nov 25 01:13:20 2025: GUIDANCE_SMGR: closing session for UUID '5d6ac039-a5df-43d1-bb29-0e80ea3d4449' with name 'vitis-run_compile_final_nn_fpga_tanh'
Tue Nov 25 01:13:20 2025: STOP_SERVER received, server token: 332f2943-90c3-4245-bdc7-9bbcb0dbb845, passed token: 332f2943-90c3-4245-bdc7-9bbcb0dbb845
Tue Nov 25 01:13:20 2025: Socket received request to stop server.
Tue Nov 25 01:13:20 2025: Dispatch Server: do_await_stop
Tue Nov 25 01:13:20 2025: Dispatch Server: stopping mainFifo_
Tue Nov 25 01:13:20 2025: XCD main fifo: Stopping
Tue Nov 25 01:13:20 2025: XCD main fifo: do_read error code: Operation canceled
Tue Nov 25 01:13:20 2025: XCD main fifo: bytes_transferred: 0
Tue Nov 25 01:13:20 2025: SERVER: destructor for server bound to port 40457
Tue Nov 25 01:13:20 2025: XCD main fifo: Good unlink of /tmp/xcdmain332f2943-90c3-4245-bdc7-9bbcb0dbb845
Tue Nov 25 01:13:20 2025: Server exiting with status 0.
Tue Nov 25 01:13:20 2025: Closing log file.
Tue Nov 25 01:15:10 2025: Running xcd server. This server was built by gradle.
Tue Nov 25 01:15:10 2025: Server was asked to start on port: '46741'
Tue Nov 25 01:15:10 2025: Server is using token UUID: '166c01eb-e399-4fb3-bd84-d9adb639037b'
Tue Nov 25 01:15:10 2025: SESSION_MGR: creating session with session uuid: '6d04a3e9-ade5-4ab9-8d63-1f78fcd2ec76' and name 'default'
Tue Nov 25 01:15:10 2025: Attempting to start server on port '46741'
Tue Nov 25 01:15:10 2025: XCD main fifo: created main fifo '/tmp/xcdmain166c01eb-e399-4fb3-bd84-d9adb639037b', fd read = 12
Tue Nov 25 01:15:10 2025: Running Dispatch Server
Tue Nov 25 01:15:10 2025: Version 2.2.0
Tue Nov 25 01:15:12 2025: Dispatch Server: Accepted socket connection from client
Tue Nov 25 01:15:12 2025: Starting Socket connection
Tue Nov 25 01:15:12 2025: EXCHANGE_TOKEN received, server token: 166c01eb-e399-4fb3-bd84-d9adb639037b, passed token: 166c01eb-e399-4fb3-bd84-d9adb639037b
Tue Nov 25 01:15:12 2025: DISPATCH_HANDLER: Adding handler from function makeHandler in library libxv_system_diagram failed with exception: Could not dynamically load libxv_system_diagram.so
Tue Nov 25 01:15:12 2025: SESSION_MGR: creating session with session uuid: '8b136d14-47a0-424e-a728-b2e0318733ba' and name 'vitis-run_compile_final_nn_fpga_tanh'
Tue Nov 25 01:15:12 2025: KERNEL_SVC: creating session with uuid: '8b136d14-47a0-424e-a728-b2e0318733ba' and name 'vitis-run_compile_final_nn_fpga_tanh'
Tue Nov 25 01:15:12 2025: GUIDANCE_SMGR: creating guidance session with uuid: '8b136d14-47a0-424e-a728-b2e0318733ba' and name 'vitis-run_compile_final_nn_fpga_tanh'
Tue Nov 25 01:15:14 2025: Dispatch Server: Accepted socket connection from client
Tue Nov 25 01:15:14 2025: Starting Socket connection
Tue Nov 25 01:15:27 2025: SESSION_MGR: closing session for UUID '8b136d14-47a0-424e-a728-b2e0318733ba' with name 'vitis-run_compile_final_nn_fpga_tanh'
Tue Nov 25 01:15:27 2025: KERNEL_SVC: closing session for UUID '8b136d14-47a0-424e-a728-b2e0318733ba' with name 'vitis-run_compile_final_nn_fpga_tanh'
Tue Nov 25 01:15:27 2025: GUIDANCE_SMGR: closing session for UUID '8b136d14-47a0-424e-a728-b2e0318733ba' with name 'vitis-run_compile_final_nn_fpga_tanh'
Tue Nov 25 01:15:27 2025: STOP_SERVER received, server token: 166c01eb-e399-4fb3-bd84-d9adb639037b, passed token: 166c01eb-e399-4fb3-bd84-d9adb639037b
Tue Nov 25 01:15:27 2025: Socket received request to stop server.
Tue Nov 25 01:15:27 2025: Dispatch Server: do_await_stop
Tue Nov 25 01:15:27 2025: Dispatch Server: stopping mainFifo_
Tue Nov 25 01:15:27 2025: XCD main fifo: Stopping
Tue Nov 25 01:15:27 2025: XCD main fifo: do_read error code: Operation canceled
Tue Nov 25 01:15:27 2025: XCD main fifo: bytes_transferred: 0
Tue Nov 25 01:15:27 2025: SERVER: destructor for server bound to port 46741
Tue Nov 25 01:15:27 2025: XCD main fifo: Good unlink of /tmp/xcdmain166c01eb-e399-4fb3-bd84-d9adb639037b
Tue Nov 25 01:15:27 2025: Server exiting with status 0.
Tue Nov 25 01:15:27 2025: Closing log file.
Tue Nov 25 01:15:50 2025: Running xcd server. This server was built by gradle.
Tue Nov 25 01:15:50 2025: Server was asked to start on port: '34393'
Tue Nov 25 01:15:50 2025: Server is using token UUID: 'e84b02e0-4603-485d-b159-ad09fdf8c8b8'
Tue Nov 25 01:15:50 2025: SESSION_MGR: creating session with session uuid: '6d04a3e9-ade5-4ab9-8d63-1f78fcd2ec76' and name 'default'
Tue Nov 25 01:15:50 2025: Attempting to start server on port '34393'
Tue Nov 25 01:15:50 2025: XCD main fifo: created main fifo '/tmp/xcdmaine84b02e0-4603-485d-b159-ad09fdf8c8b8', fd read = 12
Tue Nov 25 01:15:50 2025: Running Dispatch Server
Tue Nov 25 01:15:50 2025: Version 2.2.0
Tue Nov 25 01:15:52 2025: Dispatch Server: Accepted socket connection from client
Tue Nov 25 01:15:52 2025: Starting Socket connection
Tue Nov 25 01:15:52 2025: EXCHANGE_TOKEN received, server token: e84b02e0-4603-485d-b159-ad09fdf8c8b8, passed token: e84b02e0-4603-485d-b159-ad09fdf8c8b8
Tue Nov 25 01:15:52 2025: DISPATCH_HANDLER: Adding handler from function makeHandler in library libxv_system_diagram failed with exception: Could not dynamically load libxv_system_diagram.so
Tue Nov 25 01:15:52 2025: SESSION_MGR: creating session with session uuid: '0cacd188-56df-4c92-b316-1309fabe2631' and name 'v++_compile_final_nn_fpga_tanh'
Tue Nov 25 01:15:52 2025: KERNEL_SVC: creating session with uuid: '0cacd188-56df-4c92-b316-1309fabe2631' and name 'v++_compile_final_nn_fpga_tanh'
Tue Nov 25 01:15:52 2025: GUIDANCE_SMGR: creating guidance session with uuid: '0cacd188-56df-4c92-b316-1309fabe2631' and name 'v++_compile_final_nn_fpga_tanh'
Tue Nov 25 01:15:54 2025: Dispatch Server: Accepted socket connection from client
Tue Nov 25 01:15:54 2025: Starting Socket connection
Tue Nov 25 01:16:45 2025: SESSION_MGR: closing session for UUID '0cacd188-56df-4c92-b316-1309fabe2631' with name 'v++_compile_final_nn_fpga_tanh'
Tue Nov 25 01:16:45 2025: KERNEL_SVC: closing session for UUID '0cacd188-56df-4c92-b316-1309fabe2631' with name 'v++_compile_final_nn_fpga_tanh'
Tue Nov 25 01:16:45 2025: GUIDANCE_SMGR: closing session for UUID '0cacd188-56df-4c92-b316-1309fabe2631' with name 'v++_compile_final_nn_fpga_tanh'
Tue Nov 25 01:16:45 2025: STOP_SERVER received, server token: e84b02e0-4603-485d-b159-ad09fdf8c8b8, passed token: e84b02e0-4603-485d-b159-ad09fdf8c8b8
Tue Nov 25 01:16:45 2025: Socket received request to stop server.
Tue Nov 25 01:16:45 2025: Dispatch Server: do_await_stop
Tue Nov 25 01:16:45 2025: Dispatch Server: stopping mainFifo_
Tue Nov 25 01:16:45 2025: XCD main fifo: Stopping
Tue Nov 25 01:16:45 2025: XCD main fifo: do_read error code: Operation canceled
Tue Nov 25 01:16:45 2025: XCD main fifo: bytes_transferred: 0
Tue Nov 25 01:16:45 2025: SERVER: destructor for server bound to port 34393
Tue Nov 25 01:16:45 2025: XCD main fifo: Good unlink of /tmp/xcdmaine84b02e0-4603-485d-b159-ad09fdf8c8b8
Tue Nov 25 01:16:45 2025: Server exiting with status 0.
Tue Nov 25 01:16:45 2025: Closing log file.
Tue Nov 25 01:18:24 2025: Running xcd server. This server was built by gradle.
Tue Nov 25 01:18:24 2025: Server was asked to start on port: '32769'
Tue Nov 25 01:18:24 2025: Server is using token UUID: '22e6a665-b249-4a5e-9769-9c71ccc368d9'
Tue Nov 25 01:18:24 2025: SESSION_MGR: creating session with session uuid: '6d04a3e9-ade5-4ab9-8d63-1f78fcd2ec76' and name 'default'
Tue Nov 25 01:18:24 2025: Attempting to start server on port '32769'
Tue Nov 25 01:18:24 2025: XCD main fifo: created main fifo '/tmp/xcdmain22e6a665-b249-4a5e-9769-9c71ccc368d9', fd read = 12
Tue Nov 25 01:18:24 2025: Running Dispatch Server
Tue Nov 25 01:18:24 2025: Version 2.2.0
Tue Nov 25 01:18:25 2025: Dispatch Server: Accepted socket connection from client
Tue Nov 25 01:18:25 2025: Starting Socket connection
Tue Nov 25 01:18:25 2025: EXCHANGE_TOKEN received, server token: 22e6a665-b249-4a5e-9769-9c71ccc368d9, passed token: 22e6a665-b249-4a5e-9769-9c71ccc368d9
Tue Nov 25 01:18:25 2025: DISPATCH_HANDLER: Adding handler from function makeHandler in library libxv_system_diagram failed with exception: Could not dynamically load libxv_system_diagram.so
Tue Nov 25 01:18:25 2025: SESSION_MGR: creating session with session uuid: 'fcb36dc1-39be-4409-a028-5ae58e58ff5f' and name 'vitis-run_compile_final_nn_fpga_tanh'
Tue Nov 25 01:18:25 2025: KERNEL_SVC: creating session with uuid: 'fcb36dc1-39be-4409-a028-5ae58e58ff5f' and name 'vitis-run_compile_final_nn_fpga_tanh'
Tue Nov 25 01:18:25 2025: GUIDANCE_SMGR: creating guidance session with uuid: 'fcb36dc1-39be-4409-a028-5ae58e58ff5f' and name 'vitis-run_compile_final_nn_fpga_tanh'
Tue Nov 25 01:18:28 2025: Dispatch Server: Accepted socket connection from client
Tue Nov 25 01:18:28 2025: Starting Socket connection
Tue Nov 25 01:18:39 2025: SESSION_MGR: closing session for UUID 'fcb36dc1-39be-4409-a028-5ae58e58ff5f' with name 'vitis-run_compile_final_nn_fpga_tanh'
Tue Nov 25 01:18:39 2025: KERNEL_SVC: closing session for UUID 'fcb36dc1-39be-4409-a028-5ae58e58ff5f' with name 'vitis-run_compile_final_nn_fpga_tanh'
Tue Nov 25 01:18:39 2025: GUIDANCE_SMGR: closing session for UUID 'fcb36dc1-39be-4409-a028-5ae58e58ff5f' with name 'vitis-run_compile_final_nn_fpga_tanh'
Tue Nov 25 01:18:39 2025: STOP_SERVER received, server token: 22e6a665-b249-4a5e-9769-9c71ccc368d9, passed token: 22e6a665-b249-4a5e-9769-9c71ccc368d9
Tue Nov 25 01:18:39 2025: Socket received request to stop server.
Tue Nov 25 01:18:39 2025: Dispatch Server: do_await_stop
Tue Nov 25 01:18:39 2025: Dispatch Server: stopping mainFifo_
Tue Nov 25 01:18:39 2025: XCD main fifo: Stopping
Tue Nov 25 01:18:39 2025: XCD main fifo: do_read error code: Operation canceled
Tue Nov 25 01:18:39 2025: XCD main fifo: bytes_transferred: 0
Tue Nov 25 01:18:39 2025: SERVER: destructor for server bound to port 32769
Tue Nov 25 01:18:39 2025: XCD main fifo: Good unlink of /tmp/xcdmain22e6a665-b249-4a5e-9769-9c71ccc368d9
Tue Nov 25 01:18:39 2025: Server exiting with status 0.
Tue Nov 25 01:18:39 2025: Closing log file.
Tue Nov 25 01:18:50 2025: Running xcd server. This server was built by gradle.
Tue Nov 25 01:18:50 2025: Server was asked to start on port: '46425'
Tue Nov 25 01:18:50 2025: Server is using token UUID: '5cd8e52c-d75a-4622-b015-9826d849f699'
Tue Nov 25 01:18:50 2025: SESSION_MGR: creating session with session uuid: '6d04a3e9-ade5-4ab9-8d63-1f78fcd2ec76' and name 'default'
Tue Nov 25 01:18:50 2025: Attempting to start server on port '46425'
Tue Nov 25 01:18:50 2025: XCD main fifo: created main fifo '/tmp/xcdmain5cd8e52c-d75a-4622-b015-9826d849f699', fd read = 12
Tue Nov 25 01:18:50 2025: Running Dispatch Server
Tue Nov 25 01:18:50 2025: Version 2.2.0
Tue Nov 25 01:18:51 2025: Dispatch Server: Accepted socket connection from client
Tue Nov 25 01:18:51 2025: Starting Socket connection
Tue Nov 25 01:18:51 2025: EXCHANGE_TOKEN received, server token: 5cd8e52c-d75a-4622-b015-9826d849f699, passed token: 5cd8e52c-d75a-4622-b015-9826d849f699
Tue Nov 25 01:18:51 2025: DISPATCH_HANDLER: Adding handler from function makeHandler in library libxv_system_diagram failed with exception: Could not dynamically load libxv_system_diagram.so
Tue Nov 25 01:18:51 2025: SESSION_MGR: creating session with session uuid: 'c255c1d0-f306-4718-9147-6221e3c5a9dc' and name 'v++_compile_final_nn_fpga_tanh'
Tue Nov 25 01:18:51 2025: KERNEL_SVC: creating session with uuid: 'c255c1d0-f306-4718-9147-6221e3c5a9dc' and name 'v++_compile_final_nn_fpga_tanh'
Tue Nov 25 01:18:51 2025: GUIDANCE_SMGR: creating guidance session with uuid: 'c255c1d0-f306-4718-9147-6221e3c5a9dc' and name 'v++_compile_final_nn_fpga_tanh'
Tue Nov 25 01:18:54 2025: Dispatch Server: Accepted socket connection from client
Tue Nov 25 01:18:54 2025: Starting Socket connection
Tue Nov 25 01:19:45 2025: SESSION_MGR: closing session for UUID 'c255c1d0-f306-4718-9147-6221e3c5a9dc' with name 'v++_compile_final_nn_fpga_tanh'
Tue Nov 25 01:19:45 2025: KERNEL_SVC: closing session for UUID 'c255c1d0-f306-4718-9147-6221e3c5a9dc' with name 'v++_compile_final_nn_fpga_tanh'
Tue Nov 25 01:19:45 2025: GUIDANCE_SMGR: closing session for UUID 'c255c1d0-f306-4718-9147-6221e3c5a9dc' with name 'v++_compile_final_nn_fpga_tanh'
Tue Nov 25 01:19:45 2025: STOP_SERVER received, server token: 5cd8e52c-d75a-4622-b015-9826d849f699, passed token: 5cd8e52c-d75a-4622-b015-9826d849f699
Tue Nov 25 01:19:45 2025: Socket received request to stop server.
Tue Nov 25 01:19:45 2025: Dispatch Server: do_await_stop
Tue Nov 25 01:19:45 2025: Dispatch Server: stopping mainFifo_
Tue Nov 25 01:19:45 2025: XCD main fifo: Stopping
Tue Nov 25 01:19:45 2025: XCD main fifo: do_read error code: Operation canceled
Tue Nov 25 01:19:45 2025: XCD main fifo: bytes_transferred: 0
Tue Nov 25 01:19:45 2025: SERVER: destructor for server bound to port 46425
Tue Nov 25 01:19:45 2025: XCD main fifo: Good unlink of /tmp/xcdmain5cd8e52c-d75a-4622-b015-9826d849f699
Tue Nov 25 01:19:45 2025: Server exiting with status 0.
Tue Nov 25 01:19:45 2025: Closing log file.
Tue Nov 25 01:22:34 2025: Running xcd server. This server was built by gradle.
Tue Nov 25 01:22:34 2025: Server was asked to start on port: '43089'
Tue Nov 25 01:22:34 2025: Server is using token UUID: '97595765-0b8b-4093-90a7-ebe867ce35fc'
Tue Nov 25 01:22:34 2025: SESSION_MGR: creating session with session uuid: '6d04a3e9-ade5-4ab9-8d63-1f78fcd2ec76' and name 'default'
Tue Nov 25 01:22:34 2025: Attempting to start server on port '43089'
Tue Nov 25 01:22:34 2025: XCD main fifo: created main fifo '/tmp/xcdmain97595765-0b8b-4093-90a7-ebe867ce35fc', fd read = 12
Tue Nov 25 01:22:34 2025: Running Dispatch Server
Tue Nov 25 01:22:34 2025: Version 2.2.0
Tue Nov 25 01:22:35 2025: Dispatch Server: Accepted socket connection from client
Tue Nov 25 01:22:35 2025: Starting Socket connection
Tue Nov 25 01:22:35 2025: EXCHANGE_TOKEN received, server token: 97595765-0b8b-4093-90a7-ebe867ce35fc, passed token: 97595765-0b8b-4093-90a7-ebe867ce35fc
Tue Nov 25 01:22:35 2025: DISPATCH_HANDLER: Adding handler from function makeHandler in library libxv_system_diagram failed with exception: Could not dynamically load libxv_system_diagram.so
Tue Nov 25 01:22:35 2025: SESSION_MGR: creating session with session uuid: '4211f41c-a7b2-4e41-b67e-dc8ab76b148e' and name 'vitis-run_compile_final_nn_fpga_tanh'
Tue Nov 25 01:22:35 2025: KERNEL_SVC: creating session with uuid: '4211f41c-a7b2-4e41-b67e-dc8ab76b148e' and name 'vitis-run_compile_final_nn_fpga_tanh'
Tue Nov 25 01:22:35 2025: GUIDANCE_SMGR: creating guidance session with uuid: '4211f41c-a7b2-4e41-b67e-dc8ab76b148e' and name 'vitis-run_compile_final_nn_fpga_tanh'
Tue Nov 25 01:22:38 2025: Dispatch Server: Accepted socket connection from client
Tue Nov 25 01:22:38 2025: Starting Socket connection
Tue Nov 25 01:23:30 2025: Dispatch Server: Accepted socket connection from client
Tue Nov 25 01:23:30 2025: Starting Socket connection
Tue Nov 25 01:25:15 2025: Dispatch Server: Accepted socket connection from client
Tue Nov 25 01:25:15 2025: Starting Socket connection
Tue Nov 25 01:26:12 2025: Dispatch Server: Accepted socket connection from client
Tue Nov 25 01:26:12 2025: Starting Socket connection
Tue Nov 25 01:27:43 2025: SESSION_MGR: closing session for UUID '4211f41c-a7b2-4e41-b67e-dc8ab76b148e' with name 'vitis-run_compile_final_nn_fpga_tanh'
Tue Nov 25 01:27:43 2025: KERNEL_SVC: closing session for UUID '4211f41c-a7b2-4e41-b67e-dc8ab76b148e' with name 'vitis-run_compile_final_nn_fpga_tanh'
Tue Nov 25 01:27:43 2025: GUIDANCE_SMGR: closing session for UUID '4211f41c-a7b2-4e41-b67e-dc8ab76b148e' with name 'vitis-run_compile_final_nn_fpga_tanh'
Tue Nov 25 01:27:43 2025: STOP_SERVER received, server token: 97595765-0b8b-4093-90a7-ebe867ce35fc, passed token: 97595765-0b8b-4093-90a7-ebe867ce35fc
Tue Nov 25 01:27:43 2025: Socket received request to stop server.
Tue Nov 25 01:27:43 2025: Dispatch Server: do_await_stop
Tue Nov 25 01:27:43 2025: Dispatch Server: stopping mainFifo_
Tue Nov 25 01:27:43 2025: XCD main fifo: Stopping
Tue Nov 25 01:27:43 2025: XCD main fifo: do_read error code: Operation canceled
Tue Nov 25 01:27:43 2025: XCD main fifo: bytes_transferred: 0
Tue Nov 25 01:27:43 2025: SERVER: destructor for server bound to port 43089
Tue Nov 25 01:27:43 2025: XCD main fifo: Good unlink of /tmp/xcdmain97595765-0b8b-4093-90a7-ebe867ce35fc
Tue Nov 25 01:27:43 2025: Server exiting with status 0.
Tue Nov 25 01:27:43 2025: Closing log file.
