/home/unnath/Projects/vivado_and_vitis/final_nn_fpga_tanh/final_nn_fpga_tanh/hls/.autopilot/db/mlp.pp.0.cpp:2273:5: warning: Added loop label VITIS_LOOP_676_1:   [xilinx-label-all-loops]
    for (unsigned i = low; i != high+1; ++i) {
    ^~~
    VITIS_LOOP_676_1: 
/home/unnath/Projects/vivado_and_vitis/final_nn_fpga_tanh/final_nn_fpga_tanh/hls/.autopilot/db/mlp.pp.0.cpp:2273:5: note: FIX-IT applied suggested code changes
/home/unnath/Projects/vivado_and_vitis/final_nn_fpga_tanh/final_nn_fpga_tanh/hls/.autopilot/db/mlp.pp.0.cpp:2287:5: warning: Added loop label VITIS_LOOP_690_1:   [xilinx-label-all-loops]
    for (unsigned i = low; i != high+1; ++i) {
    ^~~
    VITIS_LOOP_690_1: 
/home/unnath/Projects/vivado_and_vitis/final_nn_fpga_tanh/final_nn_fpga_tanh/hls/.autopilot/db/mlp.pp.0.cpp:2287:5: note: FIX-IT applied suggested code changes
/home/unnath/Projects/vivado_and_vitis/final_nn_fpga_tanh/final_nn_fpga_tanh/hls/.autopilot/db/mlp.pp.0.cpp:2301:5: warning: Added loop label VITIS_LOOP_704_1:   [xilinx-label-all-loops]
    for (unsigned i = low; i != high+1; ++i) {
    ^~~
    VITIS_LOOP_704_1: 
/home/unnath/Projects/vivado_and_vitis/final_nn_fpga_tanh/final_nn_fpga_tanh/hls/.autopilot/db/mlp.pp.0.cpp:2301:5: note: FIX-IT applied suggested code changes
/home/unnath/Projects/vivado_and_vitis/final_nn_fpga_tanh/final_nn_fpga_tanh/hls/.autopilot/db/mlp.pp.0.cpp:4257:7: warning: Added loop label VITIS_LOOP_1248_1:   [xilinx-label-all-loops]
      for (i = 0; i < __N - 1; ++i) {
      ^~~
      VITIS_LOOP_1248_1: 
/home/unnath/Projects/vivado_and_vitis/final_nn_fpga_tanh/final_nn_fpga_tanh/hls/.autopilot/db/mlp.pp.0.cpp:4257:7: note: FIX-IT applied suggested code changes
/home/unnath/Projects/vivado_and_vitis/final_nn_fpga_tanh/final_nn_fpga_tanh/hls/.autopilot/db/mlp.pp.0.cpp:16385:72: error: Invalid Directive: for current device, ROM_1P + LUTRAM is invalid combination for BIND_STORAGE's option 'type + impl' [clang-diagnostic-error]
#pragma HLS BIND_STORAGE variable=fourth_order_double::sin_cos_K0 type=ROM_1P impl=LUTRAM
                                                                       ^
/home/unnath/Projects/vivado_and_vitis/final_nn_fpga_tanh/final_nn_fpga_tanh/hls/.autopilot/db/mlp.pp.0.cpp:16386:72: error: Invalid Directive: for current device, ROM_1P + LUTRAM is invalid combination for BIND_STORAGE's option 'type + impl' [clang-diagnostic-error]
#pragma HLS BIND_STORAGE variable=fourth_order_double::sin_cos_K1 type=ROM_1P impl=LUTRAM
                                                                       ^
/home/unnath/Projects/vivado_and_vitis/final_nn_fpga_tanh/final_nn_fpga_tanh/hls/.autopilot/db/mlp.pp.0.cpp:16387:72: error: Invalid Directive: for current device, ROM_1P + LUTRAM is invalid combination for BIND_STORAGE's option 'type + impl' [clang-diagnostic-error]
#pragma HLS BIND_STORAGE variable=fourth_order_double::sin_cos_K2 type=ROM_1P impl=LUTRAM
                                                                       ^
/home/unnath/Projects/vivado_and_vitis/final_nn_fpga_tanh/final_nn_fpga_tanh/hls/.autopilot/db/mlp.pp.0.cpp:16388:72: error: Invalid Directive: for current device, ROM_1P + LUTRAM is invalid combination for BIND_STORAGE's option 'type + impl' [clang-diagnostic-error]
#pragma HLS BIND_STORAGE variable=fourth_order_double::sin_cos_K3 type=ROM_1P impl=LUTRAM
                                                                       ^
/home/unnath/Projects/vivado_and_vitis/final_nn_fpga_tanh/final_nn_fpga_tanh/hls/.autopilot/db/mlp.pp.0.cpp:16389:72: error: Invalid Directive: for current device, ROM_1P + LUTRAM is invalid combination for BIND_STORAGE's option 'type + impl' [clang-diagnostic-error]
#pragma HLS BIND_STORAGE variable=fourth_order_double::sin_cos_K4 type=ROM_1P impl=LUTRAM
                                                                       ^
/home/unnath/Projects/vivado_and_vitis/final_nn_fpga_tanh/final_nn_fpga_tanh/hls/.autopilot/db/mlp.pp.0.cpp:16419:68: error: Invalid Directive: for current device, ROM_1P + LUTRAM is invalid combination for BIND_STORAGE's option 'type + impl' [clang-diagnostic-error]
#pragma HLS BIND_STORAGE variable=fourth_order_double::cos_K0 type=ROM_1P impl=LUTRAM
                                                                   ^
/home/unnath/Projects/vivado_and_vitis/final_nn_fpga_tanh/final_nn_fpga_tanh/hls/.autopilot/db/mlp.pp.0.cpp:16420:68: error: Invalid Directive: for current device, ROM_1P + LUTRAM is invalid combination for BIND_STORAGE's option 'type + impl' [clang-diagnostic-error]
#pragma HLS BIND_STORAGE variable=fourth_order_double::cos_K1 type=ROM_1P impl=LUTRAM
                                                                   ^
/home/unnath/Projects/vivado_and_vitis/final_nn_fpga_tanh/final_nn_fpga_tanh/hls/.autopilot/db/mlp.pp.0.cpp:16421:68: error: Invalid Directive: for current device, ROM_1P + LUTRAM is invalid combination for BIND_STORAGE's option 'type + impl' [clang-diagnostic-error]
#pragma HLS BIND_STORAGE variable=fourth_order_double::cos_K2 type=ROM_1P impl=LUTRAM
                                                                   ^
/home/unnath/Projects/vivado_and_vitis/final_nn_fpga_tanh/final_nn_fpga_tanh/hls/.autopilot/db/mlp.pp.0.cpp:16422:68: error: Invalid Directive: for current device, ROM_1P + LUTRAM is invalid combination for BIND_STORAGE's option 'type + impl' [clang-diagnostic-error]
#pragma HLS BIND_STORAGE variable=fourth_order_double::cos_K3 type=ROM_1P impl=LUTRAM
                                                                   ^
/home/unnath/Projects/vivado_and_vitis/final_nn_fpga_tanh/final_nn_fpga_tanh/hls/.autopilot/db/mlp.pp.0.cpp:16423:68: error: Invalid Directive: for current device, ROM_1P + LUTRAM is invalid combination for BIND_STORAGE's option 'type + impl' [clang-diagnostic-error]
#pragma HLS BIND_STORAGE variable=fourth_order_double::cos_K4 type=ROM_1P impl=LUTRAM
                                                                   ^
/home/unnath/Projects/vivado_and_vitis/final_nn_fpga_tanh/final_nn_fpga_tanh/hls/.autopilot/db/mlp.pp.0.cpp:16424:68: error: Invalid Directive: for current device, ROM_1P + LUTRAM is invalid combination for BIND_STORAGE's option 'type + impl' [clang-diagnostic-error]
#pragma HLS BIND_STORAGE variable=fourth_order_double::sin_K0 type=ROM_1P impl=LUTRAM
                                                                   ^
/home/unnath/Projects/vivado_and_vitis/final_nn_fpga_tanh/final_nn_fpga_tanh/hls/.autopilot/db/mlp.pp.0.cpp:16425:68: error: Invalid Directive: for current device, ROM_1P + LUTRAM is invalid combination for BIND_STORAGE's option 'type + impl' [clang-diagnostic-error]
#pragma HLS BIND_STORAGE variable=fourth_order_double::sin_K1 type=ROM_1P impl=LUTRAM
                                                                   ^
/home/unnath/Projects/vivado_and_vitis/final_nn_fpga_tanh/final_nn_fpga_tanh/hls/.autopilot/db/mlp.pp.0.cpp:16426:68: error: Invalid Directive: for current device, ROM_1P + LUTRAM is invalid combination for BIND_STORAGE's option 'type + impl' [clang-diagnostic-error]
#pragma HLS BIND_STORAGE variable=fourth_order_double::sin_K2 type=ROM_1P impl=LUTRAM
                                                                   ^
/home/unnath/Projects/vivado_and_vitis/final_nn_fpga_tanh/final_nn_fpga_tanh/hls/.autopilot/db/mlp.pp.0.cpp:16427:68: error: Invalid Directive: for current device, ROM_1P + LUTRAM is invalid combination for BIND_STORAGE's option 'type + impl' [clang-diagnostic-error]
#pragma HLS BIND_STORAGE variable=fourth_order_double::sin_K3 type=ROM_1P impl=LUTRAM
                                                                   ^
/home/unnath/Projects/vivado_and_vitis/final_nn_fpga_tanh/final_nn_fpga_tanh/hls/.autopilot/db/mlp.pp.0.cpp:16428:68: error: Invalid Directive: for current device, ROM_1P + LUTRAM is invalid combination for BIND_STORAGE's option 'type + impl' [clang-diagnostic-error]
#pragma HLS BIND_STORAGE variable=fourth_order_double::sin_K4 type=ROM_1P impl=LUTRAM
                                                                   ^
/home/unnath/Projects/vivado_and_vitis/final_nn_fpga_tanh/final_nn_fpga_tanh/hls/.autopilot/db/mlp.pp.0.cpp:16478:71: error: Invalid Directive: for current device, ROM_1P + LUTRAM is invalid combination for BIND_STORAGE's option 'type + impl' [clang-diagnostic-error]
#pragma HLS BIND_STORAGE variable=second_order_float::sin_cos_K0 type=ROM_1P impl=LUTRAM
                                                                      ^
/home/unnath/Projects/vivado_and_vitis/final_nn_fpga_tanh/final_nn_fpga_tanh/hls/.autopilot/db/mlp.pp.0.cpp:16479:71: error: Invalid Directive: for current device, ROM_1P + LUTRAM is invalid combination for BIND_STORAGE's option 'type + impl' [clang-diagnostic-error]
#pragma HLS BIND_STORAGE variable=second_order_float::sin_cos_K1 type=ROM_1P impl=LUTRAM
                                                                      ^
/home/unnath/Projects/vivado_and_vitis/final_nn_fpga_tanh/final_nn_fpga_tanh/hls/.autopilot/db/mlp.pp.0.cpp:16480:71: error: Invalid Directive: for current device, ROM_1P + LUTRAM is invalid combination for BIND_STORAGE's option 'type + impl' [clang-diagnostic-error]
#pragma HLS BIND_STORAGE variable=second_order_float::sin_cos_K2 type=ROM_1P impl=LUTRAM
                                                                      ^
/home/unnath/Projects/vivado_and_vitis/final_nn_fpga_tanh/final_nn_fpga_tanh/hls/.autopilot/db/mlp.pp.0.cpp:16507:67: error: Invalid Directive: for current device, ROM_1P + LUTRAM is invalid combination for BIND_STORAGE's option 'type + impl' [clang-diagnostic-error]
#pragma HLS BIND_STORAGE variable=second_order_float::cos_K0 type=ROM_1P impl=LUTRAM
                                                                  ^
/home/unnath/Projects/vivado_and_vitis/final_nn_fpga_tanh/final_nn_fpga_tanh/hls/.autopilot/db/mlp.pp.0.cpp:16508:67: error: Invalid Directive: for current device, ROM_1P + LUTRAM is invalid combination for BIND_STORAGE's option 'type + impl' [clang-diagnostic-error]
#pragma HLS BIND_STORAGE variable=second_order_float::cos_K1 type=ROM_1P impl=LUTRAM
                                                                  ^
/home/unnath/Projects/vivado_and_vitis/final_nn_fpga_tanh/final_nn_fpga_tanh/hls/.autopilot/db/mlp.pp.0.cpp:16509:67: error: Invalid Directive: for current device, ROM_1P + LUTRAM is invalid combination for BIND_STORAGE's option 'type + impl' [clang-diagnostic-error]
#pragma HLS BIND_STORAGE variable=second_order_float::cos_K2 type=ROM_1P impl=LUTRAM
                                                                  ^
/home/unnath/Projects/vivado_and_vitis/final_nn_fpga_tanh/final_nn_fpga_tanh/hls/.autopilot/db/mlp.pp.0.cpp:16510:67: error: Invalid Directive: for current device, ROM_1P + LUTRAM is invalid combination for BIND_STORAGE's option 'type + impl' [clang-diagnostic-error]
#pragma HLS BIND_STORAGE variable=second_order_float::sin_K0 type=ROM_1P impl=LUTRAM
                                                                  ^
/home/unnath/Projects/vivado_and_vitis/final_nn_fpga_tanh/final_nn_fpga_tanh/hls/.autopilot/db/mlp.pp.0.cpp:16511:67: error: Invalid Directive: for current device, ROM_1P + LUTRAM is invalid combination for BIND_STORAGE's option 'type + impl' [clang-diagnostic-error]
#pragma HLS BIND_STORAGE variable=second_order_float::sin_K1 type=ROM_1P impl=LUTRAM
                                                                  ^
/home/unnath/Projects/vivado_and_vitis/final_nn_fpga_tanh/final_nn_fpga_tanh/hls/.autopilot/db/mlp.pp.0.cpp:16512:67: error: Invalid Directive: for current device, ROM_1P + LUTRAM is invalid combination for BIND_STORAGE's option 'type + impl' [clang-diagnostic-error]
#pragma HLS BIND_STORAGE variable=second_order_float::sin_K2 type=ROM_1P impl=LUTRAM
                                                                  ^
/home/unnath/Projects/vivado_and_vitis/final_nn_fpga_tanh/final_nn_fpga_tanh/hls/.autopilot/db/mlp.pp.0.cpp:16548:73: error: Invalid Directive: for current device, ROM_1P + LUTRAM is invalid combination for BIND_STORAGE's option 'type + impl' [clang-diagnostic-error]
#pragma HLS BIND_STORAGE variable=first_order_fixed_16::sin_cos_K0 type=ROM_1P impl=LUTRAM
                                                                        ^
/home/unnath/Projects/vivado_and_vitis/final_nn_fpga_tanh/final_nn_fpga_tanh/hls/.autopilot/db/mlp.pp.0.cpp:16549:73: error: Invalid Directive: for current device, ROM_1P + LUTRAM is invalid combination for BIND_STORAGE's option 'type + impl' [clang-diagnostic-error]
#pragma HLS BIND_STORAGE variable=first_order_fixed_16::sin_cos_K1 type=ROM_1P impl=LUTRAM
                                                                        ^
/home/unnath/Projects/vivado_and_vitis/final_nn_fpga_tanh/final_nn_fpga_tanh/hls/.autopilot/db/mlp.pp.0.cpp:16823:5: warning: Added loop label VITIS_LOOP_61_1:   [xilinx-label-all-loops]
    for (int n=0; n<Nmax; n++){
    ^~~
    VITIS_LOOP_61_1: 
/home/unnath/Projects/vivado_and_vitis/final_nn_fpga_tanh/final_nn_fpga_tanh/hls/.autopilot/db/mlp.pp.0.cpp:16823:5: note: FIX-IT applied suggested code changes
/home/unnath/Projects/vivado_and_vitis/final_nn_fpga_tanh/final_nn_fpga_tanh/hls/.autopilot/db/mlp.pp.0.cpp:16869:5: warning: Added loop label VITIS_LOOP_117_1:   [xilinx-label-all-loops]
    for (int n=0; n<Nmax; n++){
    ^~~
    VITIS_LOOP_117_1: 
/home/unnath/Projects/vivado_and_vitis/final_nn_fpga_tanh/final_nn_fpga_tanh/hls/.autopilot/db/mlp.pp.0.cpp:16869:5: note: FIX-IT applied suggested code changes
/home/unnath/Projects/vivado_and_vitis/final_nn_fpga_tanh/final_nn_fpga_tanh/hls/.autopilot/db/mlp.pp.0.cpp:17032:9: warning: Added loop label VITIS_LOOP_289_1:   [xilinx-label-all-loops]
        for(int i=0;i<W-1;i++){
        ^~~
        VITIS_LOOP_289_1: 
/home/unnath/Projects/vivado_and_vitis/final_nn_fpga_tanh/final_nn_fpga_tanh/hls/.autopilot/db/mlp.pp.0.cpp:17032:9: note: FIX-IT applied suggested code changes
/home/unnath/Projects/vivado_and_vitis/final_nn_fpga_tanh/final_nn_fpga_tanh/hls/.autopilot/db/mlp.pp.0.cpp:17184:9: warning: Added loop label VITIS_LOOP_449_1:   [xilinx-label-all-loops]
        for(int i=0;i<W-1;i++){
        ^~~
        VITIS_LOOP_449_1: 
/home/unnath/Projects/vivado_and_vitis/final_nn_fpga_tanh/final_nn_fpga_tanh/hls/.autopilot/db/mlp.pp.0.cpp:17184:9: note: FIX-IT applied suggested code changes
/home/unnath/Projects/vivado_and_vitis/final_nn_fpga_tanh/final_nn_fpga_tanh/hls/.autopilot/db/mlp.pp.0.cpp:17364:5: warning: Added loop label VITIS_LOOP_629_1:   [xilinx-label-all-loops]
    for(int i=0;i<W+1;i++){
    ^~~
    VITIS_LOOP_629_1: 
/home/unnath/Projects/vivado_and_vitis/final_nn_fpga_tanh/final_nn_fpga_tanh/hls/.autopilot/db/mlp.pp.0.cpp:17364:5: note: FIX-IT applied suggested code changes
/home/unnath/Projects/vivado_and_vitis/final_nn_fpga_tanh/final_nn_fpga_tanh/hls/.autopilot/db/mlp.pp.0.cpp:17368:5: warning: Added loop label VITIS_LOOP_633_2:   [xilinx-label-all-loops]
    for(int i=0;i<W+1;i++){
    ^~~
    VITIS_LOOP_633_2: 
/home/unnath/Projects/vivado_and_vitis/final_nn_fpga_tanh/final_nn_fpga_tanh/hls/.autopilot/db/mlp.pp.0.cpp:17368:5: note: FIX-IT applied suggested code changes
/home/unnath/Projects/vivado_and_vitis/final_nn_fpga_tanh/final_nn_fpga_tanh/hls/.autopilot/db/mlp.pp.0.cpp:17478:5: warning: Added loop label VITIS_LOOP_743_1:   [xilinx-label-all-loops]
    for (int n=0; n<Nmax; n++){
    ^~~
    VITIS_LOOP_743_1: 
/home/unnath/Projects/vivado_and_vitis/final_nn_fpga_tanh/final_nn_fpga_tanh/hls/.autopilot/db/mlp.pp.0.cpp:17478:5: note: FIX-IT applied suggested code changes
/home/unnath/Projects/vivado_and_vitis/final_nn_fpga_tanh/final_nn_fpga_tanh/hls/.autopilot/db/mlp.pp.0.cpp:17568:7: warning: Added loop label VITIS_LOOP_840_1:   [xilinx-label-all-loops]
      for(int i=0;i<W-1;i++){
      ^~~
      VITIS_LOOP_840_1: 
/home/unnath/Projects/vivado_and_vitis/final_nn_fpga_tanh/final_nn_fpga_tanh/hls/.autopilot/db/mlp.pp.0.cpp:17568:7: note: FIX-IT applied suggested code changes
/home/unnath/Projects/vivado_and_vitis/final_nn_fpga_tanh/final_nn_fpga_tanh/hls/.autopilot/db/mlp.pp.0.cpp:17587:7: warning: Added loop label VITIS_LOOP_859_2:   [xilinx-label-all-loops]
      for(int i=0;i<W-1;i++){
      ^~~
      VITIS_LOOP_859_2: 
/home/unnath/Projects/vivado_and_vitis/final_nn_fpga_tanh/final_nn_fpga_tanh/hls/.autopilot/db/mlp.pp.0.cpp:17587:7: note: FIX-IT applied suggested code changes
/home/unnath/Projects/vivado_and_vitis/final_nn_fpga_tanh/final_nn_fpga_tanh/hls/.autopilot/db/mlp.pp.0.cpp:17877:5: warning: Added loop label VITIS_LOOP_1173_1:   [xilinx-label-all-loops]
    for(int i=0; i<Nmax; i++) {
    ^~~
    VITIS_LOOP_1173_1: 
/home/unnath/Projects/vivado_and_vitis/final_nn_fpga_tanh/final_nn_fpga_tanh/hls/.autopilot/db/mlp.pp.0.cpp:17877:5: note: FIX-IT applied suggested code changes
/home/unnath/Projects/vivado_and_vitis/final_nn_fpga_tanh/final_nn_fpga_tanh/hls/.autopilot/db/mlp.pp.0.cpp:17960:5: warning: Added loop label VITIS_LOOP_1256_1:   [xilinx-label-all-loops]
    for(int i=0; i<Nmax; i++) {
    ^~~
    VITIS_LOOP_1256_1: 
/home/unnath/Projects/vivado_and_vitis/final_nn_fpga_tanh/final_nn_fpga_tanh/hls/.autopilot/db/mlp.pp.0.cpp:17960:5: note: FIX-IT applied suggested code changes
/home/unnath/Projects/vivado_and_vitis/final_nn_fpga_tanh/final_nn_fpga_tanh/hls/.autopilot/db/mlp.pp.0.cpp:18366:13: warning: Added loop label VITIS_LOOP_68_1:   [xilinx-label-all-loops]
            for (int j = 3; j >= I_+1; j--) {
            ^~~
            VITIS_LOOP_68_1: 
/home/unnath/Projects/vivado_and_vitis/final_nn_fpga_tanh/final_nn_fpga_tanh/hls/.autopilot/db/mlp.pp.0.cpp:18366:13: note: FIX-IT applied suggested code changes
/home/unnath/Projects/vivado_and_vitis/final_nn_fpga_tanh/final_nn_fpga_tanh/hls/.autopilot/db/mlp.pp.0.cpp:18372:17: warning: Added loop label VITIS_LOOP_74_2:   [xilinx-label-all-loops]
                for (int j = 3; j >= I_+1; j--){
                ^~~
                VITIS_LOOP_74_2: 
/home/unnath/Projects/vivado_and_vitis/final_nn_fpga_tanh/final_nn_fpga_tanh/hls/.autopilot/db/mlp.pp.0.cpp:18372:17: note: FIX-IT applied suggested code changes
/home/unnath/Projects/vivado_and_vitis/final_nn_fpga_tanh/final_nn_fpga_tanh/hls/.autopilot/db/mlp.pp.0.cpp:18376:17: warning: Added loop label VITIS_LOOP_78_3:   [xilinx-label-all-loops]
                for (int j = I_; j >= 0; j--){
                ^~~
                VITIS_LOOP_78_3: 
/home/unnath/Projects/vivado_and_vitis/final_nn_fpga_tanh/final_nn_fpga_tanh/hls/.autopilot/db/mlp.pp.0.cpp:18376:17: note: FIX-IT applied suggested code changes
/home/unnath/Projects/vivado_and_vitis/final_nn_fpga_tanh/final_nn_fpga_tanh/hls/.autopilot/db/mlp.pp.0.cpp:18423:13: warning: Added loop label VITIS_LOOP_145_4:   [xilinx-label-all-loops]
            for (int j = 9; j >= I_+4; j--) {
            ^~~
            VITIS_LOOP_145_4: 
/home/unnath/Projects/vivado_and_vitis/final_nn_fpga_tanh/final_nn_fpga_tanh/hls/.autopilot/db/mlp.pp.0.cpp:18423:13: note: FIX-IT applied suggested code changes
/home/unnath/Projects/vivado_and_vitis/final_nn_fpga_tanh/final_nn_fpga_tanh/hls/.autopilot/db/mlp.pp.0.cpp:18429:17: warning: Added loop label VITIS_LOOP_151_5:   [xilinx-label-all-loops]
                for (int j = 9; j >= I_+4; j--){
                ^~~
                VITIS_LOOP_151_5: 
/home/unnath/Projects/vivado_and_vitis/final_nn_fpga_tanh/final_nn_fpga_tanh/hls/.autopilot/db/mlp.pp.0.cpp:18429:17: note: FIX-IT applied suggested code changes
/home/unnath/Projects/vivado_and_vitis/final_nn_fpga_tanh/final_nn_fpga_tanh/hls/.autopilot/db/mlp.pp.0.cpp:18433:17: warning: Added loop label VITIS_LOOP_155_6:   [xilinx-label-all-loops]
                for (int j = I_+3; j >= 0; j--){
                ^~~
                VITIS_LOOP_155_6: 
/home/unnath/Projects/vivado_and_vitis/final_nn_fpga_tanh/final_nn_fpga_tanh/hls/.autopilot/db/mlp.pp.0.cpp:18433:17: note: FIX-IT applied suggested code changes
/home/unnath/Projects/vivado_and_vitis/final_nn_fpga_tanh/final_nn_fpga_tanh/hls/.autopilot/db/mlp.pp.0.cpp:18448:9: warning: Added loop label VITIS_LOOP_170_7:   [xilinx-label-all-loops]
        for (int j = 14; j < 22; j++){
        ^~~
        VITIS_LOOP_170_7: 
/home/unnath/Projects/vivado_and_vitis/final_nn_fpga_tanh/final_nn_fpga_tanh/hls/.autopilot/db/mlp.pp.0.cpp:18448:9: note: FIX-IT applied suggested code changes
/home/unnath/Projects/vivado_and_vitis/final_nn_fpga_tanh/final_nn_fpga_tanh/hls/.autopilot/db/mlp.pp.0.cpp:18456:17: warning: Added loop label VITIS_LOOP_178_8:   [xilinx-label-all-loops]
                for (int j = 0; j < 22; j++){
                ^~~
                VITIS_LOOP_178_8: 
/home/unnath/Projects/vivado_and_vitis/final_nn_fpga_tanh/final_nn_fpga_tanh/hls/.autopilot/db/mlp.pp.0.cpp:18456:17: note: FIX-IT applied suggested code changes
/home/unnath/Projects/vivado_and_vitis/final_nn_fpga_tanh/final_nn_fpga_tanh/hls/.autopilot/db/mlp.pp.0.cpp:18521:13: warning: Added loop label VITIS_LOOP_243_9:   [xilinx-label-all-loops]
            for (int j = 21; j >= I_+10; j--) {
            ^~~
            VITIS_LOOP_243_9: 
/home/unnath/Projects/vivado_and_vitis/final_nn_fpga_tanh/final_nn_fpga_tanh/hls/.autopilot/db/mlp.pp.0.cpp:18521:13: note: FIX-IT applied suggested code changes
/home/unnath/Projects/vivado_and_vitis/final_nn_fpga_tanh/final_nn_fpga_tanh/hls/.autopilot/db/mlp.pp.0.cpp:18527:17: warning: Added loop label VITIS_LOOP_249_10:   [xilinx-label-all-loops]
                for (int j = 21; j >= I_+10; j--) {
                ^~~
                VITIS_LOOP_249_10: 
/home/unnath/Projects/vivado_and_vitis/final_nn_fpga_tanh/final_nn_fpga_tanh/hls/.autopilot/db/mlp.pp.0.cpp:18527:17: note: FIX-IT applied suggested code changes
/home/unnath/Projects/vivado_and_vitis/final_nn_fpga_tanh/final_nn_fpga_tanh/hls/.autopilot/db/mlp.pp.0.cpp:18531:17: warning: Added loop label VITIS_LOOP_253_11:   [xilinx-label-all-loops]
                for (int j = I_+9; j >= 0; j--) {
                ^~~
                VITIS_LOOP_253_11: 
/home/unnath/Projects/vivado_and_vitis/final_nn_fpga_tanh/final_nn_fpga_tanh/hls/.autopilot/db/mlp.pp.0.cpp:18531:17: note: FIX-IT applied suggested code changes
/home/unnath/Projects/vivado_and_vitis/final_nn_fpga_tanh/final_nn_fpga_tanh/hls/.autopilot/db/mlp.pp.0.cpp:18546:9: warning: Added loop label VITIS_LOOP_268_12:   [xilinx-label-all-loops]
        for (int j = 27; j < 46; j++){
        ^~~
        VITIS_LOOP_268_12: 
/home/unnath/Projects/vivado_and_vitis/final_nn_fpga_tanh/final_nn_fpga_tanh/hls/.autopilot/db/mlp.pp.0.cpp:18546:9: note: FIX-IT applied suggested code changes
/home/unnath/Projects/vivado_and_vitis/final_nn_fpga_tanh/final_nn_fpga_tanh/hls/.autopilot/db/mlp.pp.0.cpp:18554:17: warning: Added loop label VITIS_LOOP_276_13:   [xilinx-label-all-loops]
                for (int j = 0; j < 46; j++) {
                ^~~
                VITIS_LOOP_276_13: 
/home/unnath/Projects/vivado_and_vitis/final_nn_fpga_tanh/final_nn_fpga_tanh/hls/.autopilot/db/mlp.pp.0.cpp:18554:17: note: FIX-IT applied suggested code changes
/home/unnath/Projects/vivado_and_vitis/final_nn_fpga_tanh/final_nn_fpga_tanh/hls/.autopilot/db/mlp.pp.0.cpp:18783:13: warning: Added loop label VITIS_LOOP_505_14:   [xilinx-label-all-loops]
            for (int j = 45; j >= I_+22; j--) {
            ^~~
            VITIS_LOOP_505_14: 
/home/unnath/Projects/vivado_and_vitis/final_nn_fpga_tanh/final_nn_fpga_tanh/hls/.autopilot/db/mlp.pp.0.cpp:18783:13: note: FIX-IT applied suggested code changes
/home/unnath/Projects/vivado_and_vitis/final_nn_fpga_tanh/final_nn_fpga_tanh/hls/.autopilot/db/mlp.pp.0.cpp:18789:17: warning: Added loop label VITIS_LOOP_511_15:   [xilinx-label-all-loops]
                for (int j = 45; j >= I_+22; j--){
                ^~~
                VITIS_LOOP_511_15: 
/home/unnath/Projects/vivado_and_vitis/final_nn_fpga_tanh/final_nn_fpga_tanh/hls/.autopilot/db/mlp.pp.0.cpp:18789:17: note: FIX-IT applied suggested code changes
/home/unnath/Projects/vivado_and_vitis/final_nn_fpga_tanh/final_nn_fpga_tanh/hls/.autopilot/db/mlp.pp.0.cpp:18793:17: warning: Added loop label VITIS_LOOP_515_16:   [xilinx-label-all-loops]
                for (int j = I_+21; j >= 0; j--) {
                ^~~
                VITIS_LOOP_515_16: 
/home/unnath/Projects/vivado_and_vitis/final_nn_fpga_tanh/final_nn_fpga_tanh/hls/.autopilot/db/mlp.pp.0.cpp:18793:17: note: FIX-IT applied suggested code changes
/home/unnath/Projects/vivado_and_vitis/final_nn_fpga_tanh/final_nn_fpga_tanh/hls/.autopilot/db/mlp.pp.0.cpp:18803:9: warning: Added loop label VITIS_LOOP_525_17:   [xilinx-label-all-loops]
        for (int j = 32-F_; j < 32+I_; j++){
        ^~~
        VITIS_LOOP_525_17: 
/home/unnath/Projects/vivado_and_vitis/final_nn_fpga_tanh/final_nn_fpga_tanh/hls/.autopilot/db/mlp.pp.0.cpp:18803:9: note: FIX-IT applied suggested code changes
/home/unnath/Projects/vivado_and_vitis/final_nn_fpga_tanh/final_nn_fpga_tanh/hls/.autopilot/db/mlp.pp.0.cpp:18807:9: warning: Added loop label VITIS_LOOP_529_18:   [xilinx-label-all-loops]
        for (int j = 32+I_; j <= 64; j++){
        ^~~
        VITIS_LOOP_529_18: 
/home/unnath/Projects/vivado_and_vitis/final_nn_fpga_tanh/final_nn_fpga_tanh/hls/.autopilot/db/mlp.pp.0.cpp:18807:9: note: FIX-IT applied suggested code changes
/home/unnath/Projects/vivado_and_vitis/final_nn_fpga_tanh/final_nn_fpga_tanh/hls/.autopilot/db/mlp.pp.0.cpp:18817:9: warning: Added loop label VITIS_LOOP_539_19:   [xilinx-label-all-loops]
        for (int j = 37; j < 64; j++) {
        ^~~
        VITIS_LOOP_539_19: 
/home/unnath/Projects/vivado_and_vitis/final_nn_fpga_tanh/final_nn_fpga_tanh/hls/.autopilot/db/mlp.pp.0.cpp:18817:9: note: FIX-IT applied suggested code changes
/home/unnath/Projects/vivado_and_vitis/final_nn_fpga_tanh/final_nn_fpga_tanh/hls/.autopilot/db/mlp.pp.0.cpp:18825:17: warning: Added loop label VITIS_LOOP_547_20:   [xilinx-label-all-loops]
                for (int j = 0; j < 64; j++){
                ^~~
                VITIS_LOOP_547_20: 
/home/unnath/Projects/vivado_and_vitis/final_nn_fpga_tanh/final_nn_fpga_tanh/hls/.autopilot/db/mlp.pp.0.cpp:18825:17: note: FIX-IT applied suggested code changes
/home/unnath/Projects/vivado_and_vitis/final_nn_fpga_tanh/final_nn_fpga_tanh/hls/.autopilot/db/mlp.pp.0.cpp:19186:13: warning: Added loop label VITIS_LOOP_908_21:   [xilinx-label-all-loops]
            for (int j = 63; j >= I_+31; j--) {
            ^~~
            VITIS_LOOP_908_21: 
/home/unnath/Projects/vivado_and_vitis/final_nn_fpga_tanh/final_nn_fpga_tanh/hls/.autopilot/db/mlp.pp.0.cpp:19186:13: note: FIX-IT applied suggested code changes
/home/unnath/Projects/vivado_and_vitis/final_nn_fpga_tanh/final_nn_fpga_tanh/hls/.autopilot/db/mlp.pp.0.cpp:19192:17: warning: Added loop label VITIS_LOOP_914_22:   [xilinx-label-all-loops]
                for (int j = 63; j >= I_+31; j--) {
                ^~~
                VITIS_LOOP_914_22: 
/home/unnath/Projects/vivado_and_vitis/final_nn_fpga_tanh/final_nn_fpga_tanh/hls/.autopilot/db/mlp.pp.0.cpp:19192:17: note: FIX-IT applied suggested code changes
/home/unnath/Projects/vivado_and_vitis/final_nn_fpga_tanh/final_nn_fpga_tanh/hls/.autopilot/db/mlp.pp.0.cpp:19196:17: warning: Added loop label VITIS_LOOP_918_23:   [xilinx-label-all-loops]
                for (int j = I_+30; j >= 0; j--) {
                ^~~
                VITIS_LOOP_918_23: 
/home/unnath/Projects/vivado_and_vitis/final_nn_fpga_tanh/final_nn_fpga_tanh/hls/.autopilot/db/mlp.pp.0.cpp:19196:17: note: FIX-IT applied suggested code changes
/home/unnath/Projects/vivado_and_vitis/final_nn_fpga_tanh/final_nn_fpga_tanh/hls/.autopilot/db/mlp.pp.0.cpp:19312:13: warning: Added loop label VITIS_LOOP_1034_1:   [xilinx-label-all-loops]
            for (int j = 4; j >= I_+1; j--) {
            ^~~
            VITIS_LOOP_1034_1: 
/home/unnath/Projects/vivado_and_vitis/final_nn_fpga_tanh/final_nn_fpga_tanh/hls/.autopilot/db/mlp.pp.0.cpp:19312:13: note: FIX-IT applied suggested code changes
/home/unnath/Projects/vivado_and_vitis/final_nn_fpga_tanh/final_nn_fpga_tanh/hls/.autopilot/db/mlp.pp.0.cpp:19318:17: warning: Added loop label VITIS_LOOP_1040_2:   [xilinx-label-all-loops]
                for (int j = 4; j >= I_+1; j--) {
                ^~~
                VITIS_LOOP_1040_2: 
/home/unnath/Projects/vivado_and_vitis/final_nn_fpga_tanh/final_nn_fpga_tanh/hls/.autopilot/db/mlp.pp.0.cpp:19318:17: note: FIX-IT applied suggested code changes
/home/unnath/Projects/vivado_and_vitis/final_nn_fpga_tanh/final_nn_fpga_tanh/hls/.autopilot/db/mlp.pp.0.cpp:19322:17: warning: Added loop label VITIS_LOOP_1044_3:   [xilinx-label-all-loops]
                for (int j = I_; j >= 0; j--) {
                ^~~
                VITIS_LOOP_1044_3: 
/home/unnath/Projects/vivado_and_vitis/final_nn_fpga_tanh/final_nn_fpga_tanh/hls/.autopilot/db/mlp.pp.0.cpp:19322:17: note: FIX-IT applied suggested code changes
/home/unnath/Projects/vivado_and_vitis/final_nn_fpga_tanh/final_nn_fpga_tanh/hls/.autopilot/db/mlp.pp.0.cpp:19409:13: warning: Added loop label VITIS_LOOP_1131_4:   [xilinx-label-all-loops]
            for (int j = 10; j >= I_+4; j--) {
            ^~~
            VITIS_LOOP_1131_4: 
/home/unnath/Projects/vivado_and_vitis/final_nn_fpga_tanh/final_nn_fpga_tanh/hls/.autopilot/db/mlp.pp.0.cpp:19409:13: note: FIX-IT applied suggested code changes
/home/unnath/Projects/vivado_and_vitis/final_nn_fpga_tanh/final_nn_fpga_tanh/hls/.autopilot/db/mlp.pp.0.cpp:19415:17: warning: Added loop label VITIS_LOOP_1137_5:   [xilinx-label-all-loops]
                for (int j = 10; j >= I_+4; j--) {
                ^~~
                VITIS_LOOP_1137_5: 
/home/unnath/Projects/vivado_and_vitis/final_nn_fpga_tanh/final_nn_fpga_tanh/hls/.autopilot/db/mlp.pp.0.cpp:19415:17: note: FIX-IT applied suggested code changes
/home/unnath/Projects/vivado_and_vitis/final_nn_fpga_tanh/final_nn_fpga_tanh/hls/.autopilot/db/mlp.pp.0.cpp:19419:17: warning: Added loop label VITIS_LOOP_1141_6:   [xilinx-label-all-loops]
                for (int j = I_+3; j >= 0; j--) {
                ^~~
                VITIS_LOOP_1141_6: 
/home/unnath/Projects/vivado_and_vitis/final_nn_fpga_tanh/final_nn_fpga_tanh/hls/.autopilot/db/mlp.pp.0.cpp:19419:17: note: FIX-IT applied suggested code changes
/home/unnath/Projects/vivado_and_vitis/final_nn_fpga_tanh/final_nn_fpga_tanh/hls/.autopilot/db/mlp.pp.0.cpp:19438:9: warning: Added loop label VITIS_LOOP_1160_7:   [xilinx-label-all-loops]
        for (int j = wf+3; j < w-1; j++) {
        ^~~
        VITIS_LOOP_1160_7: 
/home/unnath/Projects/vivado_and_vitis/final_nn_fpga_tanh/final_nn_fpga_tanh/hls/.autopilot/db/mlp.pp.0.cpp:19438:9: note: FIX-IT applied suggested code changes
/home/unnath/Projects/vivado_and_vitis/final_nn_fpga_tanh/final_nn_fpga_tanh/hls/.autopilot/db/mlp.pp.0.cpp:19445:17: warning: Added loop label VITIS_LOOP_1167_8:   [xilinx-label-all-loops]
                for (int j = 0; j < 22; j++) {
                ^~~
                VITIS_LOOP_1167_8: 
/home/unnath/Projects/vivado_and_vitis/final_nn_fpga_tanh/final_nn_fpga_tanh/hls/.autopilot/db/mlp.pp.0.cpp:19445:17: note: FIX-IT applied suggested code changes
/home/unnath/Projects/vivado_and_vitis/final_nn_fpga_tanh/final_nn_fpga_tanh/hls/.autopilot/db/mlp.pp.0.cpp:19561:13: warning: Added loop label VITIS_LOOP_1283_9:   [xilinx-label-all-loops]
            for (int j = 22; j >= I_+10; j--) {
            ^~~
            VITIS_LOOP_1283_9: 
/home/unnath/Projects/vivado_and_vitis/final_nn_fpga_tanh/final_nn_fpga_tanh/hls/.autopilot/db/mlp.pp.0.cpp:19561:13: note: FIX-IT applied suggested code changes
/home/unnath/Projects/vivado_and_vitis/final_nn_fpga_tanh/final_nn_fpga_tanh/hls/.autopilot/db/mlp.pp.0.cpp:19567:17: warning: Added loop label VITIS_LOOP_1289_10:   [xilinx-label-all-loops]
                for (int j = 22; j >= I_+10; j--){
                ^~~
                VITIS_LOOP_1289_10: 
/home/unnath/Projects/vivado_and_vitis/final_nn_fpga_tanh/final_nn_fpga_tanh/hls/.autopilot/db/mlp.pp.0.cpp:19567:17: note: FIX-IT applied suggested code changes
/home/unnath/Projects/vivado_and_vitis/final_nn_fpga_tanh/final_nn_fpga_tanh/hls/.autopilot/db/mlp.pp.0.cpp:19571:17: warning: Added loop label VITIS_LOOP_1293_11:   [xilinx-label-all-loops]
                for (int j = I_+9; j >= 0; j--) {
                ^~~
                VITIS_LOOP_1293_11: 
/home/unnath/Projects/vivado_and_vitis/final_nn_fpga_tanh/final_nn_fpga_tanh/hls/.autopilot/db/mlp.pp.0.cpp:19571:17: note: FIX-IT applied suggested code changes
/home/unnath/Projects/vivado_and_vitis/final_nn_fpga_tanh/final_nn_fpga_tanh/hls/.autopilot/db/mlp.pp.0.cpp:19591:9: warning: Added loop label VITIS_LOOP_1313_12:   [xilinx-label-all-loops]
        for (int j = wf+4; j < w-1; j++){
        ^~~
        VITIS_LOOP_1313_12: 
/home/unnath/Projects/vivado_and_vitis/final_nn_fpga_tanh/final_nn_fpga_tanh/hls/.autopilot/db/mlp.pp.0.cpp:19591:9: note: FIX-IT applied suggested code changes
/home/unnath/Projects/vivado_and_vitis/final_nn_fpga_tanh/final_nn_fpga_tanh/hls/.autopilot/db/mlp.pp.0.cpp:19598:17: warning: Added loop label VITIS_LOOP_1320_13:   [xilinx-label-all-loops]
                for (int j = 0; j < 46; j++) {
                ^~~
                VITIS_LOOP_1320_13: 
/home/unnath/Projects/vivado_and_vitis/final_nn_fpga_tanh/final_nn_fpga_tanh/hls/.autopilot/db/mlp.pp.0.cpp:19598:17: note: FIX-IT applied suggested code changes
/home/unnath/Projects/vivado_and_vitis/final_nn_fpga_tanh/final_nn_fpga_tanh/hls/.autopilot/db/mlp.pp.0.cpp:19860:13: warning: Added loop label VITIS_LOOP_1582_14:   [xilinx-label-all-loops]
            for (int j = 46; j >= I_+22; j--) {
            ^~~
            VITIS_LOOP_1582_14: 
/home/unnath/Projects/vivado_and_vitis/final_nn_fpga_tanh/final_nn_fpga_tanh/hls/.autopilot/db/mlp.pp.0.cpp:19860:13: note: FIX-IT applied suggested code changes
/home/unnath/Projects/vivado_and_vitis/final_nn_fpga_tanh/final_nn_fpga_tanh/hls/.autopilot/db/mlp.pp.0.cpp:19866:17: warning: Added loop label VITIS_LOOP_1588_15:   [xilinx-label-all-loops]
                for (int j = 46; j >= I_+22; j--) {
                ^~~
                VITIS_LOOP_1588_15: 
/home/unnath/Projects/vivado_and_vitis/final_nn_fpga_tanh/final_nn_fpga_tanh/hls/.autopilot/db/mlp.pp.0.cpp:19866:17: note: FIX-IT applied suggested code changes
/home/unnath/Projects/vivado_and_vitis/final_nn_fpga_tanh/final_nn_fpga_tanh/hls/.autopilot/db/mlp.pp.0.cpp:19870:17: warning: Added loop label VITIS_LOOP_1592_16:   [xilinx-label-all-loops]
                for (int j = I_+21; j >= 0; j--) {
                ^~~
                VITIS_LOOP_1592_16: 
/home/unnath/Projects/vivado_and_vitis/final_nn_fpga_tanh/final_nn_fpga_tanh/hls/.autopilot/db/mlp.pp.0.cpp:19870:17: note: FIX-IT applied suggested code changes
/home/unnath/Projects/vivado_and_vitis/final_nn_fpga_tanh/final_nn_fpga_tanh/hls/.autopilot/db/mlp.pp.0.cpp:19894:9: warning: Added loop label VITIS_LOOP_1616_17:   [xilinx-label-all-loops]
        for (int j = wf+5; j < w-1; j++){
        ^~~
        VITIS_LOOP_1616_17: 
/home/unnath/Projects/vivado_and_vitis/final_nn_fpga_tanh/final_nn_fpga_tanh/hls/.autopilot/db/mlp.pp.0.cpp:19894:9: note: FIX-IT applied suggested code changes
/home/unnath/Projects/vivado_and_vitis/final_nn_fpga_tanh/final_nn_fpga_tanh/hls/.autopilot/db/mlp.pp.0.cpp:19901:17: warning: Added loop label VITIS_LOOP_1623_18:   [xilinx-label-all-loops]
                for (int j = 0; j < 64; j++) {
                ^~~
                VITIS_LOOP_1623_18: 
/home/unnath/Projects/vivado_and_vitis/final_nn_fpga_tanh/final_nn_fpga_tanh/hls/.autopilot/db/mlp.pp.0.cpp:19901:17: note: FIX-IT applied suggested code changes
/home/unnath/Projects/vivado_and_vitis/final_nn_fpga_tanh/final_nn_fpga_tanh/hls/.autopilot/db/mlp.pp.0.cpp:20331:13: warning: Added loop label VITIS_LOOP_2053_19:   [xilinx-label-all-loops]
            for (int j = 64; j >= I_+31; j--) {
            ^~~
            VITIS_LOOP_2053_19: 
/home/unnath/Projects/vivado_and_vitis/final_nn_fpga_tanh/final_nn_fpga_tanh/hls/.autopilot/db/mlp.pp.0.cpp:20331:13: note: FIX-IT applied suggested code changes
/home/unnath/Projects/vivado_and_vitis/final_nn_fpga_tanh/final_nn_fpga_tanh/hls/.autopilot/db/mlp.pp.0.cpp:20337:17: warning: Added loop label VITIS_LOOP_2059_20:   [xilinx-label-all-loops]
                for (int j = 64; j >= I_+31; j--) {
                ^~~
                VITIS_LOOP_2059_20: 
/home/unnath/Projects/vivado_and_vitis/final_nn_fpga_tanh/final_nn_fpga_tanh/hls/.autopilot/db/mlp.pp.0.cpp:20337:17: note: FIX-IT applied suggested code changes
/home/unnath/Projects/vivado_and_vitis/final_nn_fpga_tanh/final_nn_fpga_tanh/hls/.autopilot/db/mlp.pp.0.cpp:20341:17: warning: Added loop label VITIS_LOOP_2063_21:   [xilinx-label-all-loops]
                for (int j = I_+30; j >= 0; j--) {
                ^~~
                VITIS_LOOP_2063_21: 
/home/unnath/Projects/vivado_and_vitis/final_nn_fpga_tanh/final_nn_fpga_tanh/hls/.autopilot/db/mlp.pp.0.cpp:20341:17: note: FIX-IT applied suggested code changes
/home/unnath/Projects/vivado_and_vitis/final_nn_fpga_tanh/final_nn_fpga_tanh/hls/.autopilot/db/mlp.pp.0.cpp:20470:13: warning: Added loop label VITIS_LOOP_2192_1:   [xilinx-label-all-loops]
            for(int j=3; j>=I+1; j--) {
            ^~~
            VITIS_LOOP_2192_1: 
/home/unnath/Projects/vivado_and_vitis/final_nn_fpga_tanh/final_nn_fpga_tanh/hls/.autopilot/db/mlp.pp.0.cpp:20470:13: note: FIX-IT applied suggested code changes
/home/unnath/Projects/vivado_and_vitis/final_nn_fpga_tanh/final_nn_fpga_tanh/hls/.autopilot/db/mlp.pp.0.cpp:20477:17: warning: Added loop label VITIS_LOOP_2199_2:   [xilinx-label-all-loops]
                for(int j=3; j>=I+1; j--) {
                ^~~
                VITIS_LOOP_2199_2: 
/home/unnath/Projects/vivado_and_vitis/final_nn_fpga_tanh/final_nn_fpga_tanh/hls/.autopilot/db/mlp.pp.0.cpp:20477:17: note: FIX-IT applied suggested code changes
/home/unnath/Projects/vivado_and_vitis/final_nn_fpga_tanh/final_nn_fpga_tanh/hls/.autopilot/db/mlp.pp.0.cpp:20481:17: warning: Added loop label VITIS_LOOP_2203_3:   [xilinx-label-all-loops]
                for(int j=I; j>=0; j--) {
                ^~~
                VITIS_LOOP_2203_3: 
/home/unnath/Projects/vivado_and_vitis/final_nn_fpga_tanh/final_nn_fpga_tanh/hls/.autopilot/db/mlp.pp.0.cpp:20481:17: note: FIX-IT applied suggested code changes
/home/unnath/Projects/vivado_and_vitis/final_nn_fpga_tanh/final_nn_fpga_tanh/hls/.autopilot/db/mlp.pp.0.cpp:20528:13: warning: Added loop label VITIS_LOOP_2250_4:   [xilinx-label-all-loops]
            for(int j=7; j>=3+I; j--) {
            ^~~
            VITIS_LOOP_2250_4: 
/home/unnath/Projects/vivado_and_vitis/final_nn_fpga_tanh/final_nn_fpga_tanh/hls/.autopilot/db/mlp.pp.0.cpp:20528:13: note: FIX-IT applied suggested code changes
/home/unnath/Projects/vivado_and_vitis/final_nn_fpga_tanh/final_nn_fpga_tanh/hls/.autopilot/db/mlp.pp.0.cpp:20535:17: warning: Added loop label VITIS_LOOP_2257_5:   [xilinx-label-all-loops]
                for(int j=7; j>=3+I; j--) {
                ^~~
                VITIS_LOOP_2257_5: 
/home/unnath/Projects/vivado_and_vitis/final_nn_fpga_tanh/final_nn_fpga_tanh/hls/.autopilot/db/mlp.pp.0.cpp:20535:17: note: FIX-IT applied suggested code changes
/home/unnath/Projects/vivado_and_vitis/final_nn_fpga_tanh/final_nn_fpga_tanh/hls/.autopilot/db/mlp.pp.0.cpp:20539:17: warning: Added loop label VITIS_LOOP_2261_6:   [xilinx-label-all-loops]
                for(int j=I+2; j>=0; j--) {
                ^~~
                VITIS_LOOP_2261_6: 
/home/unnath/Projects/vivado_and_vitis/final_nn_fpga_tanh/final_nn_fpga_tanh/hls/.autopilot/db/mlp.pp.0.cpp:20539:17: note: FIX-IT applied suggested code changes
/home/unnath/Projects/vivado_and_vitis/final_nn_fpga_tanh/final_nn_fpga_tanh/hls/.autopilot/db/mlp.pp.0.cpp:20557:9: warning: Added loop label VITIS_LOOP_2279_7:   [xilinx-label-all-loops]
        for(int j=11; j<16; j++) {
        ^~~
        VITIS_LOOP_2279_7: 
/home/unnath/Projects/vivado_and_vitis/final_nn_fpga_tanh/final_nn_fpga_tanh/hls/.autopilot/db/mlp.pp.0.cpp:20557:9: note: FIX-IT applied suggested code changes
/home/unnath/Projects/vivado_and_vitis/final_nn_fpga_tanh/final_nn_fpga_tanh/hls/.autopilot/db/mlp.pp.0.cpp:20612:13: warning: Added loop label VITIS_LOOP_2334_8:   [xilinx-label-all-loops]
            for(int j=15; j>=7+I; j--) {
            ^~~
            VITIS_LOOP_2334_8: 
/home/unnath/Projects/vivado_and_vitis/final_nn_fpga_tanh/final_nn_fpga_tanh/hls/.autopilot/db/mlp.pp.0.cpp:20612:13: note: FIX-IT applied suggested code changes
/home/unnath/Projects/vivado_and_vitis/final_nn_fpga_tanh/final_nn_fpga_tanh/hls/.autopilot/db/mlp.pp.0.cpp:20619:17: warning: Added loop label VITIS_LOOP_2341_9:   [xilinx-label-all-loops]
                for(int j=15; j>=7+I; j--) {
                ^~~
                VITIS_LOOP_2341_9: 
/home/unnath/Projects/vivado_and_vitis/final_nn_fpga_tanh/final_nn_fpga_tanh/hls/.autopilot/db/mlp.pp.0.cpp:20619:17: note: FIX-IT applied suggested code changes
/home/unnath/Projects/vivado_and_vitis/final_nn_fpga_tanh/final_nn_fpga_tanh/hls/.autopilot/db/mlp.pp.0.cpp:20623:17: warning: Added loop label VITIS_LOOP_2345_10:   [xilinx-label-all-loops]
                for(int j=6+I; j>=0; j--) {
                ^~~
                VITIS_LOOP_2345_10: 
/home/unnath/Projects/vivado_and_vitis/final_nn_fpga_tanh/final_nn_fpga_tanh/hls/.autopilot/db/mlp.pp.0.cpp:20623:17: note: FIX-IT applied suggested code changes
/home/unnath/Projects/vivado_and_vitis/final_nn_fpga_tanh/final_nn_fpga_tanh/hls/.autopilot/db/mlp.pp.0.cpp:20641:9: warning: Added loop label VITIS_LOOP_2363_11:   [xilinx-label-all-loops]
        for(int j=20; j<32; j++) {
        ^~~
        VITIS_LOOP_2363_11: 
/home/unnath/Projects/vivado_and_vitis/final_nn_fpga_tanh/final_nn_fpga_tanh/hls/.autopilot/db/mlp.pp.0.cpp:20641:9: note: FIX-IT applied suggested code changes
/home/unnath/Projects/vivado_and_vitis/final_nn_fpga_tanh/final_nn_fpga_tanh/hls/.autopilot/db/mlp.pp.0.cpp:20730:13: warning: Added loop label VITIS_LOOP_2452_12:   [xilinx-label-all-loops]
            for(int j=31; j>=I+15; j--) {
            ^~~
            VITIS_LOOP_2452_12: 
/home/unnath/Projects/vivado_and_vitis/final_nn_fpga_tanh/final_nn_fpga_tanh/hls/.autopilot/db/mlp.pp.0.cpp:20730:13: note: FIX-IT applied suggested code changes
/home/unnath/Projects/vivado_and_vitis/final_nn_fpga_tanh/final_nn_fpga_tanh/hls/.autopilot/db/mlp.pp.0.cpp:20737:17: warning: Added loop label VITIS_LOOP_2459_13:   [xilinx-label-all-loops]
                for(int j=31; j>=I+15; j--) {
                ^~~
                VITIS_LOOP_2459_13: 
/home/unnath/Projects/vivado_and_vitis/final_nn_fpga_tanh/final_nn_fpga_tanh/hls/.autopilot/db/mlp.pp.0.cpp:20737:17: note: FIX-IT applied suggested code changes
/home/unnath/Projects/vivado_and_vitis/final_nn_fpga_tanh/final_nn_fpga_tanh/hls/.autopilot/db/mlp.pp.0.cpp:20741:17: warning: Added loop label VITIS_LOOP_2463_14:   [xilinx-label-all-loops]
                for(int j=I+14; j>=0; j--) {
                ^~~
                VITIS_LOOP_2463_14: 
/home/unnath/Projects/vivado_and_vitis/final_nn_fpga_tanh/final_nn_fpga_tanh/hls/.autopilot/db/mlp.pp.0.cpp:20741:17: note: FIX-IT applied suggested code changes
/home/unnath/Projects/vivado_and_vitis/final_nn_fpga_tanh/final_nn_fpga_tanh/hls/.autopilot/db/mlp.pp.0.cpp:20751:9: warning: Added loop label VITIS_LOOP_2473_15:   [xilinx-label-all-loops]
        for(int j=32-F; j<32+I; j++) {
        ^~~
        VITIS_LOOP_2473_15: 
/home/unnath/Projects/vivado_and_vitis/final_nn_fpga_tanh/final_nn_fpga_tanh/hls/.autopilot/db/mlp.pp.0.cpp:20751:9: note: FIX-IT applied suggested code changes
/home/unnath/Projects/vivado_and_vitis/final_nn_fpga_tanh/final_nn_fpga_tanh/hls/.autopilot/db/mlp.pp.0.cpp:20755:9: warning: Added loop label VITIS_LOOP_2477_16:   [xilinx-label-all-loops]
        for(int j=32+I; j<=64; j++) {
        ^~~
        VITIS_LOOP_2477_16: 
/home/unnath/Projects/vivado_and_vitis/final_nn_fpga_tanh/final_nn_fpga_tanh/hls/.autopilot/db/mlp.pp.0.cpp:20755:9: note: FIX-IT applied suggested code changes
/home/unnath/Projects/vivado_and_vitis/final_nn_fpga_tanh/final_nn_fpga_tanh/hls/.autopilot/db/mlp.pp.0.cpp:20766:9: warning: Added loop label VITIS_LOOP_2488_17:   [xilinx-label-all-loops]
        for(int j=37; j<64; j++) {
        ^~~
        VITIS_LOOP_2488_17: 
/home/unnath/Projects/vivado_and_vitis/final_nn_fpga_tanh/final_nn_fpga_tanh/hls/.autopilot/db/mlp.pp.0.cpp:20766:9: note: FIX-IT applied suggested code changes
/home/unnath/Projects/vivado_and_vitis/final_nn_fpga_tanh/final_nn_fpga_tanh/hls/.autopilot/db/mlp.pp.0.cpp:20774:17: warning: Added loop label VITIS_LOOP_2496_18:   [xilinx-label-all-loops]
                for(int j=0; j<64; j++) {
                ^~~
                VITIS_LOOP_2496_18: 
/home/unnath/Projects/vivado_and_vitis/final_nn_fpga_tanh/final_nn_fpga_tanh/hls/.autopilot/db/mlp.pp.0.cpp:20774:17: note: FIX-IT applied suggested code changes
/home/unnath/Projects/vivado_and_vitis/final_nn_fpga_tanh/final_nn_fpga_tanh/hls/.autopilot/db/mlp.pp.0.cpp:21099:13: warning: Added loop label VITIS_LOOP_2821_19:   [xilinx-label-all-loops]
            for(int j=63; j>=I+31; j--) {
            ^~~
            VITIS_LOOP_2821_19: 
/home/unnath/Projects/vivado_and_vitis/final_nn_fpga_tanh/final_nn_fpga_tanh/hls/.autopilot/db/mlp.pp.0.cpp:21099:13: note: FIX-IT applied suggested code changes
/home/unnath/Projects/vivado_and_vitis/final_nn_fpga_tanh/final_nn_fpga_tanh/hls/.autopilot/db/mlp.pp.0.cpp:21106:17: warning: Added loop label VITIS_LOOP_2828_20:   [xilinx-label-all-loops]
                for(int j=63; j>=I+31; j--) {
                ^~~
                VITIS_LOOP_2828_20: 
/home/unnath/Projects/vivado_and_vitis/final_nn_fpga_tanh/final_nn_fpga_tanh/hls/.autopilot/db/mlp.pp.0.cpp:21106:17: note: FIX-IT applied suggested code changes
/home/unnath/Projects/vivado_and_vitis/final_nn_fpga_tanh/final_nn_fpga_tanh/hls/.autopilot/db/mlp.pp.0.cpp:21110:17: warning: Added loop label VITIS_LOOP_2832_21:   [xilinx-label-all-loops]
                for(int j=I+30; j>=0; j--) {
                ^~~
                VITIS_LOOP_2832_21: 
/home/unnath/Projects/vivado_and_vitis/final_nn_fpga_tanh/final_nn_fpga_tanh/hls/.autopilot/db/mlp.pp.0.cpp:21110:17: note: FIX-IT applied suggested code changes
/home/unnath/Projects/vivado_and_vitis/final_nn_fpga_tanh/final_nn_fpga_tanh/hls/.autopilot/db/mlp.pp.0.cpp:21198:4: warning: Added loop label VITIS_LOOP_2920_1:   [xilinx-label-all-loops]
   for(int j = 5; j>=I_+2; j--) {
   ^~~
   VITIS_LOOP_2920_1: 
/home/unnath/Projects/vivado_and_vitis/final_nn_fpga_tanh/final_nn_fpga_tanh/hls/.autopilot/db/mlp.pp.0.cpp:21198:4: note: FIX-IT applied suggested code changes
/home/unnath/Projects/vivado_and_vitis/final_nn_fpga_tanh/final_nn_fpga_tanh/hls/.autopilot/db/mlp.pp.0.cpp:21205:5: warning: Added loop label VITIS_LOOP_2927_2:   [xilinx-label-all-loops]
    for(int j = 5; j>=I_+2; j--) {
    ^~~
    VITIS_LOOP_2927_2: 
/home/unnath/Projects/vivado_and_vitis/final_nn_fpga_tanh/final_nn_fpga_tanh/hls/.autopilot/db/mlp.pp.0.cpp:21205:5: note: FIX-IT applied suggested code changes
/home/unnath/Projects/vivado_and_vitis/final_nn_fpga_tanh/final_nn_fpga_tanh/hls/.autopilot/db/mlp.pp.0.cpp:21209:5: warning: Added loop label VITIS_LOOP_2931_3:   [xilinx-label-all-loops]
    for(int j = I_+1; j>=0; j--) {
    ^~~
    VITIS_LOOP_2931_3: 
/home/unnath/Projects/vivado_and_vitis/final_nn_fpga_tanh/final_nn_fpga_tanh/hls/.autopilot/db/mlp.pp.0.cpp:21209:5: note: FIX-IT applied suggested code changes
/home/unnath/Projects/vivado_and_vitis/final_nn_fpga_tanh/final_nn_fpga_tanh/hls/.autopilot/db/mlp.pp.0.cpp:21224:3: warning: Added loop label VITIS_LOOP_2946_4:   [xilinx-label-all-loops]
  for(int j = 11; j >=7; j--) {
  ^~~
  VITIS_LOOP_2946_4: 
/home/unnath/Projects/vivado_and_vitis/final_nn_fpga_tanh/final_nn_fpga_tanh/hls/.autopilot/db/mlp.pp.0.cpp:21224:3: note: FIX-IT applied suggested code changes
/home/unnath/Projects/vivado_and_vitis/final_nn_fpga_tanh/final_nn_fpga_tanh/hls/.autopilot/db/mlp.pp.0.cpp:21256:4: warning: Added loop label VITIS_LOOP_2978_5:   [xilinx-label-all-loops]
   for(int j = 11; j >= I_+5; j--) {
   ^~~
   VITIS_LOOP_2978_5: 
/home/unnath/Projects/vivado_and_vitis/final_nn_fpga_tanh/final_nn_fpga_tanh/hls/.autopilot/db/mlp.pp.0.cpp:21256:4: note: FIX-IT applied suggested code changes
/home/unnath/Projects/vivado_and_vitis/final_nn_fpga_tanh/final_nn_fpga_tanh/hls/.autopilot/db/mlp.pp.0.cpp:21263:5: warning: Added loop label VITIS_LOOP_2985_6:   [xilinx-label-all-loops]
    for(int j = 11; j>= I_+5; j--) {
    ^~~
    VITIS_LOOP_2985_6: 
/home/unnath/Projects/vivado_and_vitis/final_nn_fpga_tanh/final_nn_fpga_tanh/hls/.autopilot/db/mlp.pp.0.cpp:21263:5: note: FIX-IT applied suggested code changes
/home/unnath/Projects/vivado_and_vitis/final_nn_fpga_tanh/final_nn_fpga_tanh/hls/.autopilot/db/mlp.pp.0.cpp:21267:5: warning: Added loop label VITIS_LOOP_2989_7:   [xilinx-label-all-loops]
    for(int j = I_+4; j>=0; j--) {
    ^~~
    VITIS_LOOP_2989_7: 
/home/unnath/Projects/vivado_and_vitis/final_nn_fpga_tanh/final_nn_fpga_tanh/hls/.autopilot/db/mlp.pp.0.cpp:21267:5: note: FIX-IT applied suggested code changes
/home/unnath/Projects/vivado_and_vitis/final_nn_fpga_tanh/final_nn_fpga_tanh/hls/.autopilot/db/mlp.pp.0.cpp:21282:3: warning: Added loop label VITIS_LOOP_3004_8:   [xilinx-label-all-loops]
  for(int j = 25; j>=15; j--) {
  ^~~
  VITIS_LOOP_3004_8: 
/home/unnath/Projects/vivado_and_vitis/final_nn_fpga_tanh/final_nn_fpga_tanh/hls/.autopilot/db/mlp.pp.0.cpp:21282:3: note: FIX-IT applied suggested code changes
/home/unnath/Projects/vivado_and_vitis/final_nn_fpga_tanh/final_nn_fpga_tanh/hls/.autopilot/db/mlp.pp.0.cpp:21332:4: warning: Added loop label VITIS_LOOP_3054_9:   [xilinx-label-all-loops]
   for(int j = 25; j>= I_+12; j--) {
   ^~~
   VITIS_LOOP_3054_9: 
/home/unnath/Projects/vivado_and_vitis/final_nn_fpga_tanh/final_nn_fpga_tanh/hls/.autopilot/db/mlp.pp.0.cpp:21332:4: note: FIX-IT applied suggested code changes
/home/unnath/Projects/vivado_and_vitis/final_nn_fpga_tanh/final_nn_fpga_tanh/hls/.autopilot/db/mlp.pp.0.cpp:21339:5: warning: Added loop label VITIS_LOOP_3061_10:   [xilinx-label-all-loops]
    for(int j = 25; j>=I_+12; j--) {
    ^~~
    VITIS_LOOP_3061_10: 
/home/unnath/Projects/vivado_and_vitis/final_nn_fpga_tanh/final_nn_fpga_tanh/hls/.autopilot/db/mlp.pp.0.cpp:21339:5: note: FIX-IT applied suggested code changes
/home/unnath/Projects/vivado_and_vitis/final_nn_fpga_tanh/final_nn_fpga_tanh/hls/.autopilot/db/mlp.pp.0.cpp:21343:5: warning: Added loop label VITIS_LOOP_3065_11:   [xilinx-label-all-loops]
    for(int j = I_+11; j>=0; j--) {
    ^~~
    VITIS_LOOP_3065_11: 
/home/unnath/Projects/vivado_and_vitis/final_nn_fpga_tanh/final_nn_fpga_tanh/hls/.autopilot/db/mlp.pp.0.cpp:21343:5: note: FIX-IT applied suggested code changes
/home/unnath/Projects/vivado_and_vitis/final_nn_fpga_tanh/final_nn_fpga_tanh/hls/.autopilot/db/mlp.pp.0.cpp:21358:3: warning: Added loop label VITIS_LOOP_3080_12:   [xilinx-label-all-loops]
  for(int j = 51; j >= 29; j--) {
  ^~~
  VITIS_LOOP_3080_12: 
/home/unnath/Projects/vivado_and_vitis/final_nn_fpga_tanh/final_nn_fpga_tanh/hls/.autopilot/db/mlp.pp.0.cpp:21358:3: note: FIX-IT applied suggested code changes
/home/unnath/Projects/vivado_and_vitis/final_nn_fpga_tanh/final_nn_fpga_tanh/hls/.autopilot/db/mlp.pp.0.cpp:21495:4: warning: Added loop label VITIS_LOOP_3217_13:   [xilinx-label-all-loops]
   for(int j = 51; j >= 25 + I_; j--) {
   ^~~
   VITIS_LOOP_3217_13: 
/home/unnath/Projects/vivado_and_vitis/final_nn_fpga_tanh/final_nn_fpga_tanh/hls/.autopilot/db/mlp.pp.0.cpp:21495:4: note: FIX-IT applied suggested code changes
/home/unnath/Projects/vivado_and_vitis/final_nn_fpga_tanh/final_nn_fpga_tanh/hls/.autopilot/db/mlp.pp.0.cpp:21502:5: warning: Added loop label VITIS_LOOP_3224_14:   [xilinx-label-all-loops]
    for(int j = 51; j>=25 + I_; j--) {
    ^~~
    VITIS_LOOP_3224_14: 
/home/unnath/Projects/vivado_and_vitis/final_nn_fpga_tanh/final_nn_fpga_tanh/hls/.autopilot/db/mlp.pp.0.cpp:21502:5: note: FIX-IT applied suggested code changes
/home/unnath/Projects/vivado_and_vitis/final_nn_fpga_tanh/final_nn_fpga_tanh/hls/.autopilot/db/mlp.pp.0.cpp:21506:5: warning: Added loop label VITIS_LOOP_3228_15:   [xilinx-label-all-loops]
    for(int j = 24 + I_; j >= 0; j--) {
    ^~~
    VITIS_LOOP_3228_15: 
/home/unnath/Projects/vivado_and_vitis/final_nn_fpga_tanh/final_nn_fpga_tanh/hls/.autopilot/db/mlp.pp.0.cpp:21506:5: note: FIX-IT applied suggested code changes
/home/unnath/Projects/vivado_and_vitis/final_nn_fpga_tanh/final_nn_fpga_tanh/hls/.autopilot/db/mlp.pp.0.cpp:21521:3: warning: Added loop label VITIS_LOOP_3243_16:   [xilinx-label-all-loops]
  for(int j = 63; j >= 36; j--) {
  ^~~
  VITIS_LOOP_3243_16: 
/home/unnath/Projects/vivado_and_vitis/final_nn_fpga_tanh/final_nn_fpga_tanh/hls/.autopilot/db/mlp.pp.0.cpp:21521:3: note: FIX-IT applied suggested code changes
/home/unnath/Projects/vivado_and_vitis/final_nn_fpga_tanh/final_nn_fpga_tanh/hls/.autopilot/db/mlp.pp.0.cpp:21681:4: warning: Added loop label VITIS_LOOP_3403_17:   [xilinx-label-all-loops]
   for(int j = 63; j >= 31 + I_; j--) {
   ^~~
   VITIS_LOOP_3403_17: 
/home/unnath/Projects/vivado_and_vitis/final_nn_fpga_tanh/final_nn_fpga_tanh/hls/.autopilot/db/mlp.pp.0.cpp:21681:4: note: FIX-IT applied suggested code changes
/home/unnath/Projects/vivado_and_vitis/final_nn_fpga_tanh/final_nn_fpga_tanh/hls/.autopilot/db/mlp.pp.0.cpp:21688:5: warning: Added loop label VITIS_LOOP_3410_18:   [xilinx-label-all-loops]
    for(int j = 63; j >= 31 + I_; j--) {
    ^~~
    VITIS_LOOP_3410_18: 
/home/unnath/Projects/vivado_and_vitis/final_nn_fpga_tanh/final_nn_fpga_tanh/hls/.autopilot/db/mlp.pp.0.cpp:21688:5: note: FIX-IT applied suggested code changes
/home/unnath/Projects/vivado_and_vitis/final_nn_fpga_tanh/final_nn_fpga_tanh/hls/.autopilot/db/mlp.pp.0.cpp:21692:5: warning: Added loop label VITIS_LOOP_3414_19:   [xilinx-label-all-loops]
    for(int j = 30 + I_; j >= 0; j--) {
    ^~~
    VITIS_LOOP_3414_19: 
/home/unnath/Projects/vivado_and_vitis/final_nn_fpga_tanh/final_nn_fpga_tanh/hls/.autopilot/db/mlp.pp.0.cpp:21692:5: note: FIX-IT applied suggested code changes
/home/unnath/Projects/vivado_and_vitis/final_nn_fpga_tanh/final_nn_fpga_tanh/hls/.autopilot/db/mlp.pp.0.cpp:22407:13: warning: Added loop label VITIS_LOOP_703_1:   [xilinx-label-all-loops]
            for (b_exp = I_-1; b_exp >= -F_; b_exp--) {
            ^~~
            VITIS_LOOP_703_1: 
/home/unnath/Projects/vivado_and_vitis/final_nn_fpga_tanh/final_nn_fpga_tanh/hls/.autopilot/db/mlp.pp.0.cpp:22407:13: note: FIX-IT applied suggested code changes
/home/unnath/Projects/vivado_and_vitis/final_nn_fpga_tanh/final_nn_fpga_tanh/hls/.autopilot/db/mlp.pp.0.cpp:22625:13: warning: Added loop label VITIS_LOOP_921_1:   [xilinx-label-all-loops]
            for (b_exp = I_-1; b_exp >= -F_; b_exp--) {
            ^~~
            VITIS_LOOP_921_1: 
/home/unnath/Projects/vivado_and_vitis/final_nn_fpga_tanh/final_nn_fpga_tanh/hls/.autopilot/db/mlp.pp.0.cpp:22625:13: note: FIX-IT applied suggested code changes
/home/unnath/Projects/vivado_and_vitis/final_nn_fpga_tanh/final_nn_fpga_tanh/hls/.autopilot/db/mlp.pp.0.cpp:23042:13: warning: Added loop label VITIS_LOOP_1345_1:   [xilinx-label-all-loops]
            for (b_exp = I_-1; b_exp >= -F_; b_exp--) {
            ^~~
            VITIS_LOOP_1345_1: 
/home/unnath/Projects/vivado_and_vitis/final_nn_fpga_tanh/final_nn_fpga_tanh/hls/.autopilot/db/mlp.pp.0.cpp:23042:13: note: FIX-IT applied suggested code changes
/home/unnath/Projects/vivado_and_vitis/final_nn_fpga_tanh/final_nn_fpga_tanh/hls/.autopilot/db/mlp.pp.0.cpp:23365:9: warning: Added loop label VITIS_LOOP_243_1:   [xilinx-label-all-loops]
        for ( int pos = msbr-1; pos >= 0; pos-- ) {
        ^~~
        VITIS_LOOP_243_1: 
/home/unnath/Projects/vivado_and_vitis/final_nn_fpga_tanh/final_nn_fpga_tanh/hls/.autopilot/db/mlp.pp.0.cpp:23365:9: note: FIX-IT applied suggested code changes
/home/unnath/Projects/vivado_and_vitis/final_nn_fpga_tanh/final_nn_fpga_tanh/hls/.autopilot/db/mlp.pp.0.cpp:23393:9: warning: Added loop label VITIS_LOOP_271_2:   [xilinx-label-all-loops]
        for ( int pos = -1; pos >= -F_-1; pos-- ) {
        ^~~
        VITIS_LOOP_271_2: 
/home/unnath/Projects/vivado_and_vitis/final_nn_fpga_tanh/final_nn_fpga_tanh/hls/.autopilot/db/mlp.pp.0.cpp:23393:9: note: FIX-IT applied suggested code changes
/home/unnath/Projects/vivado_and_vitis/final_nn_fpga_tanh/final_nn_fpga_tanh/hls/.autopilot/db/mlp.pp.0.cpp:24097:13: warning: Added loop label VITIS_LOOP_48_1:   [xilinx-label-all-loops]
            for (int j = 0; j < W_-1; j++){
            ^~~
            VITIS_LOOP_48_1: 
/home/unnath/Projects/vivado_and_vitis/final_nn_fpga_tanh/final_nn_fpga_tanh/hls/.autopilot/db/mlp.pp.0.cpp:24097:13: note: FIX-IT applied suggested code changes
/home/unnath/Projects/vivado_and_vitis/final_nn_fpga_tanh/final_nn_fpga_tanh/hls/.autopilot/db/mlp.pp.0.cpp:24150:5: warning: Added loop label VITIS_LOOP_109_2:   [xilinx-label-all-loops]
    for (int j = F_l+F_+I_m-1; j < F_l+W_+5; j++){
    ^~~
    VITIS_LOOP_109_2: 
/home/unnath/Projects/vivado_and_vitis/final_nn_fpga_tanh/final_nn_fpga_tanh/hls/.autopilot/db/mlp.pp.0.cpp:24150:5: note: FIX-IT applied suggested code changes
/home/unnath/Projects/vivado_and_vitis/final_nn_fpga_tanh/final_nn_fpga_tanh/hls/.autopilot/db/mlp.pp.0.cpp:24164:13: warning: Added loop label VITIS_LOOP_123_3:   [xilinx-label-all-loops]
            for (int j = WO_m-1; j >= W_-1; j--) {
            ^~~
            VITIS_LOOP_123_3: 
/home/unnath/Projects/vivado_and_vitis/final_nn_fpga_tanh/final_nn_fpga_tanh/hls/.autopilot/db/mlp.pp.0.cpp:24164:13: note: FIX-IT applied suggested code changes
/home/unnath/Projects/vivado_and_vitis/final_nn_fpga_tanh/final_nn_fpga_tanh/hls/.autopilot/db/mlp.pp.0.cpp:24194:13: warning: Added loop label VITIS_LOOP_153_4:   [xilinx-label-all-loops]
            for (int j = W_-2; j >= 0; j--){
            ^~~
            VITIS_LOOP_153_4: 
/home/unnath/Projects/vivado_and_vitis/final_nn_fpga_tanh/final_nn_fpga_tanh/hls/.autopilot/db/mlp.pp.0.cpp:24194:13: note: FIX-IT applied suggested code changes
/home/unnath/Projects/vivado_and_vitis/final_nn_fpga_tanh/final_nn_fpga_tanh/hls/.autopilot/db/mlp.pp.0.cpp:24279:12: warning: Added loop label VITIS_LOOP_281_1:   [xilinx-label-all-loops]
           for(int i = wf_log+we_log-2; i > WI_e - 2; --i) {
           ^~~
           VITIS_LOOP_281_1: 
/home/unnath/Projects/vivado_and_vitis/final_nn_fpga_tanh/final_nn_fpga_tanh/hls/.autopilot/db/mlp.pp.0.cpp:24279:12: note: FIX-IT applied suggested code changes
/home/unnath/Projects/vivado_and_vitis/final_nn_fpga_tanh/final_nn_fpga_tanh/hls/.autopilot/db/mlp.pp.0.cpp:24299:16: warning: Added loop label VITIS_LOOP_301_2:   [xilinx-label-all-loops]
               for (int j = WO_e-1; j >= W_-1; j--) {
               ^~~
               VITIS_LOOP_301_2: 
/home/unnath/Projects/vivado_and_vitis/final_nn_fpga_tanh/final_nn_fpga_tanh/hls/.autopilot/db/mlp.pp.0.cpp:24299:16: note: FIX-IT applied suggested code changes
/home/unnath/Projects/vivado_and_vitis/final_nn_fpga_tanh/final_nn_fpga_tanh/hls/.autopilot/db/mlp.pp.0.cpp:24313:20: warning: Added loop label VITIS_LOOP_315_3:   [xilinx-label-all-loops]
                   for(int i = 0; i < W_-1; ++i) {
                   ^~~
                   VITIS_LOOP_315_3: 
/home/unnath/Projects/vivado_and_vitis/final_nn_fpga_tanh/final_nn_fpga_tanh/hls/.autopilot/db/mlp.pp.0.cpp:24313:20: note: FIX-IT applied suggested code changes
/home/unnath/Projects/vivado_and_vitis/final_nn_fpga_tanh/final_nn_fpga_tanh/hls/.autopilot/db/mlp.pp.0.cpp:24406:12: warning: Added loop label VITIS_LOOP_433_1:   [xilinx-label-all-loops]
           for (int j =WO_d-1; j >= W_-1; j--) {
           ^~~
           VITIS_LOOP_433_1: 
/home/unnath/Projects/vivado_and_vitis/final_nn_fpga_tanh/final_nn_fpga_tanh/hls/.autopilot/db/mlp.pp.0.cpp:24406:12: note: FIX-IT applied suggested code changes
/home/unnath/Projects/vivado_and_vitis/final_nn_fpga_tanh/final_nn_fpga_tanh/hls/.autopilot/db/mlp.pp.0.cpp:24420:15: warning: Added loop label VITIS_LOOP_447_2:   [xilinx-label-all-loops]
              for(int i = 0; i < W_-1; ++i) {
              ^~~
              VITIS_LOOP_447_2: 
/home/unnath/Projects/vivado_and_vitis/final_nn_fpga_tanh/final_nn_fpga_tanh/hls/.autopilot/db/mlp.pp.0.cpp:24420:15: note: FIX-IT applied suggested code changes
/home/unnath/Projects/vivado_and_vitis/final_nn_fpga_tanh/final_nn_fpga_tanh/hls/.autopilot/db/mlp.pp.0.cpp:24540:13: warning: Added loop label VITIS_LOOP_33_1:   [xilinx-label-all-loops]
            for (int i = 0; i < W_-1; i++){
            ^~~
            VITIS_LOOP_33_1: 
/home/unnath/Projects/vivado_and_vitis/final_nn_fpga_tanh/final_nn_fpga_tanh/hls/.autopilot/db/mlp.pp.0.cpp:24540:13: note: FIX-IT applied suggested code changes
/home/unnath/Projects/vivado_and_vitis/final_nn_fpga_tanh/final_nn_fpga_tanh/hls/.autopilot/db/mlp.pp.0.cpp:24664:13: warning: Added loop label VITIS_LOOP_183_1:   [xilinx-label-all-loops]
            for (int i = 0; i < W_-1; i++){
            ^~~
            VITIS_LOOP_183_1: 
/home/unnath/Projects/vivado_and_vitis/final_nn_fpga_tanh/final_nn_fpga_tanh/hls/.autopilot/db/mlp.pp.0.cpp:24664:13: note: FIX-IT applied suggested code changes
/home/unnath/Projects/vivado_and_vitis/final_nn_fpga_tanh/final_nn_fpga_tanh/hls/.autopilot/db/mlp.pp.0.cpp:24719:13: warning: Added loop label VITIS_LOOP_248_1:   [xilinx-label-all-loops]
            for (int i = 0; i < W_-1; i++){
            ^~~
            VITIS_LOOP_248_1: 
/home/unnath/Projects/vivado_and_vitis/final_nn_fpga_tanh/final_nn_fpga_tanh/hls/.autopilot/db/mlp.pp.0.cpp:24719:13: note: FIX-IT applied suggested code changes
/home/unnath/Projects/vivado_and_vitis/final_nn_fpga_tanh/final_nn_fpga_tanh/hls/.autopilot/db/mlp.pp.0.cpp:24986:5: warning: Added loop label VITIS_LOOP_44_1:   [xilinx-label-all-loops]
    for(int l = loop_nm; l > 0; --l){
    ^~~
    VITIS_LOOP_44_1: 
/home/unnath/Projects/vivado_and_vitis/final_nn_fpga_tanh/final_nn_fpga_tanh/hls/.autopilot/db/mlp.pp.0.cpp:24986:5: note: FIX-IT applied suggested code changes
/home/unnath/Projects/vivado_and_vitis/final_nn_fpga_tanh/final_nn_fpga_tanh/hls/.autopilot/db/mlp.pp.0.cpp:25237:2: warning: Added loop label VITIS_LOOP_16_1:   [xilinx-label-all-loops]
 for (int i=0; i<W_;i++)
 ^~~
 VITIS_LOOP_16_1: 
/home/unnath/Projects/vivado_and_vitis/final_nn_fpga_tanh/final_nn_fpga_tanh/hls/.autopilot/db/mlp.pp.0.cpp:25237:2: note: FIX-IT applied suggested code changes
/home/unnath/Projects/vivado_and_vitis/final_nn_fpga_tanh/final_nn_fpga_tanh/hls/.autopilot/db/mlp.pp.0.cpp:25248:2: warning: Added loop label VITIS_LOOP_27_1:   [xilinx-label-all-loops]
 for (int i=0; i<W_;i++)
 ^~~
 VITIS_LOOP_27_1: 
/home/unnath/Projects/vivado_and_vitis/final_nn_fpga_tanh/final_nn_fpga_tanh/hls/.autopilot/db/mlp.pp.0.cpp:25248:2: note: FIX-IT applied suggested code changes
/home/unnath/Projects/vivado_and_vitis/final_nn_fpga_tanh/final_nn_fpga_tanh/hls/.autopilot/db/mlp.pp.0.cpp:25259:2: warning: Added loop label VITIS_LOOP_38_1:   [xilinx-label-all-loops]
 for (int i=0; i<I_;i++)
 ^~~
 VITIS_LOOP_38_1: 
/home/unnath/Projects/vivado_and_vitis/final_nn_fpga_tanh/final_nn_fpga_tanh/hls/.autopilot/db/mlp.pp.0.cpp:25259:2: note: FIX-IT applied suggested code changes
/home/unnath/Projects/vivado_and_vitis/final_nn_fpga_tanh/final_nn_fpga_tanh/hls/.autopilot/db/mlp.pp.0.cpp:25270:2: warning: Added loop label VITIS_LOOP_49_1:   [xilinx-label-all-loops]
 for (int i=0; i<I_;i++)
 ^~~
 VITIS_LOOP_49_1: 
/home/unnath/Projects/vivado_and_vitis/final_nn_fpga_tanh/final_nn_fpga_tanh/hls/.autopilot/db/mlp.pp.0.cpp:25270:2: note: FIX-IT applied suggested code changes
/home/unnath/Projects/vivado_and_vitis/final_nn_fpga_tanh/final_nn_fpga_tanh/hls/.autopilot/db/mlp.pp.0.cpp:25281:2: warning: Added loop label VITIS_LOOP_60_1:   [xilinx-label-all-loops]
 for (int i=0; i<W_;i++)
 ^~~
 VITIS_LOOP_60_1: 
/home/unnath/Projects/vivado_and_vitis/final_nn_fpga_tanh/final_nn_fpga_tanh/hls/.autopilot/db/mlp.pp.0.cpp:25281:2: note: FIX-IT applied suggested code changes
/home/unnath/Projects/vivado_and_vitis/final_nn_fpga_tanh/final_nn_fpga_tanh/hls/.autopilot/db/mlp.pp.0.cpp:25292:2: warning: Added loop label VITIS_LOOP_71_1:   [xilinx-label-all-loops]
 for (int i=0; i<W_;i++)
 ^~~
 VITIS_LOOP_71_1: 
/home/unnath/Projects/vivado_and_vitis/final_nn_fpga_tanh/final_nn_fpga_tanh/hls/.autopilot/db/mlp.pp.0.cpp:25292:2: note: FIX-IT applied suggested code changes
/home/unnath/Projects/vivado_and_vitis/final_nn_fpga_tanh/final_nn_fpga_tanh/hls/.autopilot/db/mlp.pp.0.cpp:25303:2: warning: Added loop label VITIS_LOOP_82_1:   [xilinx-label-all-loops]
 for (int i=0; i<I_;i++)
 ^~~
 VITIS_LOOP_82_1: 
/home/unnath/Projects/vivado_and_vitis/final_nn_fpga_tanh/final_nn_fpga_tanh/hls/.autopilot/db/mlp.pp.0.cpp:25303:2: note: FIX-IT applied suggested code changes
/home/unnath/Projects/vivado_and_vitis/final_nn_fpga_tanh/final_nn_fpga_tanh/hls/.autopilot/db/mlp.pp.0.cpp:25314:2: warning: Added loop label VITIS_LOOP_93_1:   [xilinx-label-all-loops]
 for (int i=0; i<I_;i++)
 ^~~
 VITIS_LOOP_93_1: 
/home/unnath/Projects/vivado_and_vitis/final_nn_fpga_tanh/final_nn_fpga_tanh/hls/.autopilot/db/mlp.pp.0.cpp:25314:2: note: FIX-IT applied suggested code changes
/home/unnath/Projects/vivado_and_vitis/final_nn_fpga_tanh/final_nn_fpga_tanh/hls/.autopilot/db/mlp.pp.0.cpp:27673:12: warning: Added loop label VITIS_LOOP_26_1:   [xilinx-label-all-loops]
           for(int i = 0; i < W_-1; ++i) {
           ^~~
           VITIS_LOOP_26_1: 
/home/unnath/Projects/vivado_and_vitis/final_nn_fpga_tanh/final_nn_fpga_tanh/hls/.autopilot/db/mlp.pp.0.cpp:27673:12: note: FIX-IT applied suggested code changes
/home/unnath/Projects/vivado_and_vitis/final_nn_fpga_tanh/final_nn_fpga_tanh/hls/.autopilot/db/mlp.pp.0.cpp:27737:7: warning: Added loop label VITIS_LOOP_40_1:   [xilinx-label-all-loops]
      for(int pos = msbr - 1 ; pos >= -F-1; pos--) {
      ^~~
      VITIS_LOOP_40_1: 
/home/unnath/Projects/vivado_and_vitis/final_nn_fpga_tanh/final_nn_fpga_tanh/hls/.autopilot/db/mlp.pp.0.cpp:27737:7: note: FIX-IT applied suggested code changes
/home/unnath/Projects/vivado_and_vitis/final_nn_fpga_tanh/final_nn_fpga_tanh/hls/.autopilot/db/mlp.pp.0.cpp:27854:9: warning: Added loop label VITIS_LOOP_49_1:   [xilinx-label-all-loops]
        for(int pos = msbr - 1; pos >= 0; pos--) {
        ^~~
        VITIS_LOOP_49_1: 
/home/unnath/Projects/vivado_and_vitis/final_nn_fpga_tanh/final_nn_fpga_tanh/hls/.autopilot/db/mlp.pp.0.cpp:27854:9: note: FIX-IT applied suggested code changes
/home/unnath/Projects/vivado_and_vitis/final_nn_fpga_tanh/final_nn_fpga_tanh/hls/.autopilot/db/mlp.pp.0.cpp:27879:5: warning: Added loop label VITIS_LOOP_81_2:   [xilinx-label-all-loops]
    for(int pos = -1; pos >= -F-1; pos--) {
    ^~~
    VITIS_LOOP_81_2: 
/home/unnath/Projects/vivado_and_vitis/final_nn_fpga_tanh/final_nn_fpga_tanh/hls/.autopilot/db/mlp.pp.0.cpp:27879:5: note: FIX-IT applied suggested code changes
/home/unnath/Projects/vivado_and_vitis/final_nn_fpga_tanh/final_nn_fpga_tanh/hls/.autopilot/db/mlp.pp.0.cpp:27949:8: warning: Added loop label VITIS_LOOP_169_3:   [xilinx-label-all-loops]
       for(int i = 0; i < W - 1; ++i) {
       ^~~
       VITIS_LOOP_169_3: 
/home/unnath/Projects/vivado_and_vitis/final_nn_fpga_tanh/final_nn_fpga_tanh/hls/.autopilot/db/mlp.pp.0.cpp:27949:8: note: FIX-IT applied suggested code changes
/home/unnath/Projects/vivado_and_vitis/final_nn_fpga_tanh/final_nn_fpga_tanh/hls/.autopilot/db/mlp.pp.0.cpp:30193:5: warning: Added loop label VITIS_LOOP_29_1:   [xilinx-label-all-loops]
    for (int i = 0; i < 64; ++i) {
    ^~~
    VITIS_LOOP_29_1: 
/home/unnath/Projects/vivado_and_vitis/final_nn_fpga_tanh/final_nn_fpga_tanh/hls/.autopilot/db/mlp.pp.0.cpp:30193:5: note: FIX-IT applied suggested code changes
/home/unnath/Projects/vivado_and_vitis/final_nn_fpga_tanh/final_nn_fpga_tanh/hls/.autopilot/db/mlp.pp.0.cpp:30196:9: warning: Added loop label VITIS_LOOP_32_2:   [xilinx-label-all-loops]
        for (int j = 0; j < 784; ++j) {
        ^~~
        VITIS_LOOP_32_2: 
/home/unnath/Projects/vivado_and_vitis/final_nn_fpga_tanh/final_nn_fpga_tanh/hls/.autopilot/db/mlp.pp.0.cpp:30196:9: note: FIX-IT applied suggested code changes
/home/unnath/Projects/vivado_and_vitis/final_nn_fpga_tanh/final_nn_fpga_tanh/hls/.autopilot/db/mlp.pp.0.cpp:30209:5: warning: Added loop label VITIS_LOOP_45_1:   [xilinx-label-all-loops]
    for (int i = 0; i < 10; ++i) {
    ^~~
    VITIS_LOOP_45_1: 
/home/unnath/Projects/vivado_and_vitis/final_nn_fpga_tanh/final_nn_fpga_tanh/hls/.autopilot/db/mlp.pp.0.cpp:30209:5: note: FIX-IT applied suggested code changes
/home/unnath/Projects/vivado_and_vitis/final_nn_fpga_tanh/final_nn_fpga_tanh/hls/.autopilot/db/mlp.pp.0.cpp:30211:9: warning: Added loop label VITIS_LOOP_47_2:   [xilinx-label-all-loops]
        for (int j = 0; j < 64; ++j) {
        ^~~
        VITIS_LOOP_47_2: 
/home/unnath/Projects/vivado_and_vitis/final_nn_fpga_tanh/final_nn_fpga_tanh/hls/.autopilot/db/mlp.pp.0.cpp:30211:9: note: FIX-IT applied suggested code changes
/home/unnath/Projects/vivado_and_vitis/final_nn_fpga_tanh/final_nn_fpga_tanh/hls/.autopilot/db/mlp.pp.0.cpp:30227:5: warning: Added loop label VITIS_LOOP_63_1:   [xilinx-label-all-loops]
    for (int i = 0; i < 784; ++i) {
    ^~~
    VITIS_LOOP_63_1: 
/home/unnath/Projects/vivado_and_vitis/final_nn_fpga_tanh/final_nn_fpga_tanh/hls/.autopilot/db/mlp.pp.0.cpp:30227:5: note: FIX-IT applied suggested code changes
/home/unnath/Projects/vivado_and_vitis/final_nn_fpga_tanh/final_nn_fpga_tanh/hls/.autopilot/db/mlp.pp.0.cpp:30241:5: warning: Added loop label VITIS_LOOP_77_2:   [xilinx-label-all-loops]
    for (int i = 1; i < 10; ++i) {
    ^~~
    VITIS_LOOP_77_2: 
/home/unnath/Projects/vivado_and_vitis/final_nn_fpga_tanh/final_nn_fpga_tanh/hls/.autopilot/db/mlp.pp.0.cpp:30241:5: note: FIX-IT applied suggested code changes
